  [1m[35m (0.7ms)[0m  [1m[35mDROP DATABASE IF EXISTS "easy_orders_development"[0m
  [1m[35m (0.2ms)[0m  [1m[35mDROP DATABASE IF EXISTS "easy_orders_test"[0m
  [1m[35m (347.9ms)[0m  [1m[35mCREATE DATABASE "easy_orders_development" ENCODING = 'unicode'[0m
  [1m[35m (68.3ms)[0m  [1m[35mCREATE DATABASE "easy_orders_test" ENCODING = 'unicode'[0m
  [1m[35m (7.1ms)[0m  [1m[35mCREATE TABLE "schema_migrations" ("version" character varying NOT NULL PRIMARY KEY)[0m
  [1m[35m (1.9ms)[0m  [1m[35mCREATE TABLE "ar_internal_metadata" ("key" character varying NOT NULL PRIMARY KEY, "value" character varying, "created_at" timestamp(6) NOT NULL, "updated_at" timestamp(6) NOT NULL)[0m
  [1m[35m (0.6ms)[0m  [1m[34mSELECT pg_try_advisory_lock(769450770985414980)[0m
  [1m[35m (0.5ms)[0m  [1m[34mSELECT "schema_migrations"."version" FROM "schema_migrations" ORDER BY "schema_migrations"."version" ASC[0m
  [1m[36mActiveRecord::InternalMetadata Load (0.6ms)[0m  [1m[34mSELECT "ar_internal_metadata".* FROM "ar_internal_metadata" WHERE "ar_internal_metadata"."key" = $1 LIMIT $2[0m  [["key", "environment"], ["LIMIT", 1]]
  [1m[35m (0.1ms)[0m  [1m[35mBEGIN[0m
  [1m[36mActiveRecord::InternalMetadata Create (1.4ms)[0m  [1m[32mINSERT INTO "ar_internal_metadata" ("key", "value", "created_at", "updated_at") VALUES ($1, $2, $3, $4) RETURNING "key"[0m  [["key", "environment"], ["value", "development"], ["created_at", "2021-08-16 09:03:38.836075"], ["updated_at", "2021-08-16 09:03:38.836075"]]
  [1m[35m (0.2ms)[0m  [1m[35mCOMMIT[0m
  [1m[35m (0.2ms)[0m  [1m[34mSELECT pg_advisory_unlock(769450770985414980)[0m
  [1m[35m (0.8ms)[0m  [1m[34mSELECT "schema_migrations"."version" FROM "schema_migrations" ORDER BY "schema_migrations"."version" ASC[0m
  [1m[35m (0.2ms)[0m  [1m[34mSELECT pg_try_advisory_lock(769450770985414980)[0m
  [1m[35m (0.4ms)[0m  [1m[34mSELECT "schema_migrations"."version" FROM "schema_migrations" ORDER BY "schema_migrations"."version" ASC[0m
Migrating to CreateItems (20210816093243)
  [1m[35m (0.2ms)[0m  [1m[35mBEGIN[0m
  [1m[35m (12.7ms)[0m  [1m[35mCREATE TABLE "items" ("id" bigserial primary key, "name" character varying, "item_price" integer, "item_description" character varying, "created_at" timestamp(6) NOT NULL, "updated_at" timestamp(6) NOT NULL)[0m
  [1m[36mActiveRecord::SchemaMigration Create (0.5ms)[0m  [1m[32mINSERT INTO "schema_migrations" ("version") VALUES ($1) RETURNING "version"[0m  [["version", "20210816093243"]]
  [1m[35m (1.9ms)[0m  [1m[35mCOMMIT[0m
  [1m[36mActiveRecord::InternalMetadata Load (0.4ms)[0m  [1m[34mSELECT "ar_internal_metadata".* FROM "ar_internal_metadata" WHERE "ar_internal_metadata"."key" = $1 LIMIT $2[0m  [["key", "environment"], ["LIMIT", 1]]
  [1m[35m (0.2ms)[0m  [1m[34mSELECT pg_advisory_unlock(769450770985414980)[0m
  [1m[35m (0.5ms)[0m  [1m[34mSELECT "schema_migrations"."version" FROM "schema_migrations" ORDER BY "schema_migrations"."version" ASC[0m
  [1m[35m (0.2ms)[0m  [1m[34mSELECT pg_try_advisory_lock(769450770985414980)[0m
  [1m[35m (0.4ms)[0m  [1m[34mSELECT "schema_migrations"."version" FROM "schema_migrations" ORDER BY "schema_migrations"."version" ASC[0m
  [1m[36mActiveRecord::InternalMetadata Load (0.2ms)[0m  [1m[34mSELECT "ar_internal_metadata".* FROM "ar_internal_metadata" WHERE "ar_internal_metadata"."key" = $1 LIMIT $2[0m  [["key", "environment"], ["LIMIT", 1]]
  [1m[35m (0.2ms)[0m  [1m[34mSELECT pg_advisory_unlock(769450770985414980)[0m
  [1m[35m (0.4ms)[0m  [1m[34mSELECT "schema_migrations"."version" FROM "schema_migrations" ORDER BY "schema_migrations"."version" ASC[0m
Started GET "/" for ::1 at 2021-08-16 11:59:45 +0200
  [1m[35m (0.4ms)[0m  [1m[34mSELECT "schema_migrations"."version" FROM "schema_migrations" ORDER BY "schema_migrations"."version" ASC[0m
Processing by PagesController#home as HTML
  Rendering pages/home.html.erb within layouts/application
  Rendered pages/home.html.erb within layouts/application (Duration: 0.9ms | Allocations: 294)
[Webpacker] Compiling...
[Webpacker] Compiled all packs in /home/alex1008/code/hadri96/easy_orders/public/packs
[Webpacker] Though the "loose" option was set to "false" in your @babel/preset-env config, it will not be used for @babel/plugin-proposal-private-property-in-object since the "loose" mode option was set to "true" for @babel/plugin-proposal-class-properties.
The "loose" option must be the same for @babel/plugin-proposal-class-properties, @babel/plugin-proposal-private-methods and @babel/plugin-proposal-private-property-in-object (when they are enabled): you can silence this warning by explicitly adding
	["@babel/plugin-proposal-private-property-in-object", { "loose": true }]
to the "plugins" section of your Babel config.
Though the "loose" option was set to "false" in your @babel/preset-env config, it will not be used for @babel/plugin-proposal-private-methods since the "loose" mode option was set to "true" for @babel/plugin-proposal-private-property-in-object.
The "loose" option must be the same for @babel/plugin-proposal-class-properties, @babel/plugin-proposal-private-methods and @babel/plugin-proposal-private-property-in-object (when they are enabled): you can silence this warning by explicitly adding
	["@babel/plugin-proposal-private-methods", { "loose": true }]
to the "plugins" section of your Babel config.
Though the "loose" option was set to "false" in your @babel/preset-env config, it will not be used for @babel/plugin-proposal-private-property-in-object since the "loose" mode option was set to "true" for @babel/plugin-proposal-class-properties.
The "loose" option must be the same for @babel/plugin-proposal-class-properties, @babel/plugin-proposal-private-methods and @babel/plugin-proposal-private-property-in-object (when they are enabled): you can silence this warning by explicitly adding
	["@babel/plugin-proposal-private-property-in-object", { "loose": true }]
to the "plugins" section of your Babel config.
Though the "loose" option was set to "false" in your @babel/preset-env config, it will not be used for @babel/plugin-proposal-private-methods since the "loose" mode option was set to "true" for @babel/plugin-proposal-private-property-in-object.
The "loose" option must be the same for @babel/plugin-proposal-class-properties, @babel/plugin-proposal-private-methods and @babel/plugin-proposal-private-property-in-object (when they are enabled): you can silence this warning by explicitly adding
	["@babel/plugin-proposal-private-methods", { "loose": true }]
to the "plugins" section of your Babel config.

[Webpacker] Hash: 60c5b04edc357e970ab6
Version: webpack 4.46.0
Time: 655ms
Built at: 08/16/2021 11:59:49 AM
                                     Asset       Size       Chunks                         Chunk Names
    js/application-f888219292dfc32aefba.js    618 KiB  application  [emitted] [immutable]  application
js/application-f888219292dfc32aefba.js.map    756 KiB  application  [emitted] [dev]        application
                             manifest.json  364 bytes               [emitted]              
Entrypoint application = js/application-f888219292dfc32aefba.js js/application-f888219292dfc32aefba.js.map
[./app/javascript/channels sync recursive _channel\.js$] ./app/javascript/channels sync _channel\.js$ 160 bytes {application} [built]
[./app/javascript/channels/index.js] 211 bytes {application} [built]
[./app/javascript/packs/application.js] 1.18 KiB {application} [built]
[./node_modules/webpack/buildin/global.js] (webpack)/buildin/global.js 472 bytes {application} [built]
    + 6 hidden modules

Completed 200 OK in 3690ms (Views: 3684.2ms | ActiveRecord: 0.0ms | Allocations: 120608)


Started GET "/items" for ::1 at 2021-08-16 11:59:59 +0200
  
ArgumentError (Before process_action callback :authenticate_user! has not been defined):
  
app/controllers/items_controller.rb:5:in `<class:ItemsController>'
app/controllers/items_controller.rb:1:in `<main>'
Started GET "/item" for ::1 at 2021-08-16 12:00:05 +0200
  
ActionController::RoutingError (No route matches [GET] "/item"):
  
actionpack (6.0.4) lib/action_dispatch/middleware/debug_exceptions.rb:36:in `call'
web-console (4.1.0) lib/web_console/middleware.rb:132:in `call_app'
web-console (4.1.0) lib/web_console/middleware.rb:28:in `block in call'
web-console (4.1.0) lib/web_console/middleware.rb:17:in `catch'
web-console (4.1.0) lib/web_console/middleware.rb:17:in `call'
actionpack (6.0.4) lib/action_dispatch/middleware/show_exceptions.rb:33:in `call'
railties (6.0.4) lib/rails/rack/logger.rb:37:in `call_app'
railties (6.0.4) lib/rails/rack/logger.rb:26:in `block in call'
activesupport (6.0.4) lib/active_support/tagged_logging.rb:80:in `block in tagged'
activesupport (6.0.4) lib/active_support/tagged_logging.rb:28:in `tagged'
activesupport (6.0.4) lib/active_support/tagged_logging.rb:80:in `tagged'
railties (6.0.4) lib/rails/rack/logger.rb:26:in `call'
sprockets-rails (3.2.2) lib/sprockets/rails/quiet_assets.rb:13:in `call'
actionpack (6.0.4) lib/action_dispatch/middleware/remote_ip.rb:81:in `call'
actionpack (6.0.4) lib/action_dispatch/middleware/request_id.rb:27:in `call'
rack (2.2.3) lib/rack/method_override.rb:24:in `call'
rack (2.2.3) lib/rack/runtime.rb:22:in `call'
activesupport (6.0.4) lib/active_support/cache/strategy/local_cache_middleware.rb:29:in `call'
actionpack (6.0.4) lib/action_dispatch/middleware/executor.rb:14:in `call'
actionpack (6.0.4) lib/action_dispatch/middleware/static.rb:126:in `call'
rack (2.2.3) lib/rack/sendfile.rb:110:in `call'
actionpack (6.0.4) lib/action_dispatch/middleware/host_authorization.rb:82:in `call'
webpacker (4.3.0) lib/webpacker/dev_server_proxy.rb:23:in `perform_request'
rack-proxy (0.7.0) lib/rack/proxy.rb:63:in `call'
railties (6.0.4) lib/rails/engine.rb:527:in `call'
puma (4.3.8) lib/puma/configuration.rb:228:in `call'
puma (4.3.8) lib/puma/server.rb:718:in `handle_request'
puma (4.3.8) lib/puma/server.rb:472:in `process_client'
puma (4.3.8) lib/puma/server.rb:328:in `block in run'
puma (4.3.8) lib/puma/thread_pool.rb:134:in `block in spawn_thread'
Started GET "/items" for ::1 at 2021-08-16 12:00:16 +0200
  
ArgumentError (Before process_action callback :authenticate_user! has not been defined):
  
app/controllers/items_controller.rb:5:in `<class:ItemsController>'
app/controllers/items_controller.rb:1:in `<main>'
Started GET "/items" for ::1 at 2021-08-16 12:00:27 +0200
Processing by ItemsController#index as HTML
  Rendering items/index.html.erb within layouts/application
  Rendered items/index.html.erb within layouts/application (Duration: 2.1ms | Allocations: 4105)
Completed 500 Internal Server Error in 7ms (ActiveRecord: 0.0ms | Allocations: 6450)


  
ActionView::Template::Error (The asset "index_banner.jpg" is not present in the asset pipeline.
):
    1: <div class="banner mb-5" style="background-image: linear-gradient(rgba(0,0,0,0.4),rgba(0,0,0,0.4)), url(<%= asset_url("index_banner.jpg") %>);">
    2:   <div>
    3:     <h1 id="title-index">Wizards</h1>
    4:     <h3>what we have to offer :</h3>
  
app/views/items/index.html.erb:1
Started GET "/items" for ::1 at 2021-08-16 12:03:21 +0200
Processing by ItemsController#index as HTML
  Rendering items/index.html.erb within layouts/application
  Rendered items/index.html.erb within layouts/application (Duration: 1.7ms | Allocations: 3893)
Completed 500 Internal Server Error in 3ms (ActiveRecord: 0.0ms | Allocations: 4338)


  
ActionView::Template::Error (The asset "index_banner.jpg" is not present in the asset pipeline.
):
    1: <div class="banner mb-5" style="background-image: linear-gradient(rgba(0,0,0,0.4),rgba(0,0,0,0.4)), url(<%= asset_url("index_banner.jpg") %>);">
    2:   <div>
    3:     <h1 id="title-index">Wizards</h1>
    4:     <h3>what we have to offer :</h3>
  
app/views/items/index.html.erb:1
Started GET "/items" for ::1 at 2021-08-16 12:03:46 +0200
  [1m[35m (0.3ms)[0m  [1m[34mSELECT "schema_migrations"."version" FROM "schema_migrations" ORDER BY "schema_migrations"."version" ASC[0m
Processing by ItemsController#index as HTML
  Rendering items/index.html.erb within layouts/application
  Rendered items/index.html.erb within layouts/application (Duration: 2.1ms | Allocations: 4546)
Completed 500 Internal Server Error in 8ms (ActiveRecord: 0.0ms | Allocations: 7402)


  
ActionView::Template::Error (The asset "index_banner.jpg" is not present in the asset pipeline.
):
    1: <div class="banner mb-5" style="background-image: linear-gradient(rgba(0,0,0,0.4),rgba(0,0,0,0.4)), url(<%= asset_url("index_banner.jpg") %>);">
    2:   <div>
    3:     <h1 id="title-index">Wizards</h1>
    4:     <h3>what we have to offer :</h3>
  
app/views/items/index.html.erb:1
Started GET "/items" for ::1 at 2021-08-16 12:04:14 +0200
Processing by ItemsController#index as HTML
  Rendering items/index.html.erb within layouts/application
  Rendered items/index.html.erb within layouts/application (Duration: 1.6ms | Allocations: 3894)
Completed 500 Internal Server Error in 2ms (ActiveRecord: 0.0ms | Allocations: 4339)


  
ActionView::Template::Error (The asset "index_banner.jpg" is not present in the asset pipeline.
):
    1: <div class="banner mb-5" style="background-image: linear-gradient(rgba(0,0,0,0.4),rgba(0,0,0,0.4)), url(<%= asset_url("index_banner.jpg") %>);">
    2:   <div>
    3:     <h1 id="title-index">Wizards</h1>
    4:     <h3>what we have to offer :</h3>
  
app/views/items/index.html.erb:1
Started GET "/items" for ::1 at 2021-08-16 12:06:11 +0200
Processing by ItemsController#index as HTML
  Rendering items/index.html.erb within layouts/application
  Rendered items/index.html.erb within layouts/application (Duration: 1.9ms | Allocations: 3892)
Completed 500 Internal Server Error in 3ms (ActiveRecord: 0.0ms | Allocations: 4328)


  
ActionView::Template::Error (The asset "index_banner.jpg" is not present in the asset pipeline.
):
    1: <div class="banner mb-5" style="background-image: linear-gradient(rgba(0,0,0,0.4),rgba(0,0,0,0.4)), url(<%= asset_url("index_banner.jpg") %>);">
    2:   <div>
    3:     <h1 id="title-index">Wizards</h1>
    4:     <h3>what we have to offer :</h3>
  
app/views/items/index.html.erb:1
Started GET "/items" for ::1 at 2021-08-16 12:07:00 +0200
Processing by ItemsController#index as HTML
  Rendering items/index.html.erb within layouts/application
  Rendered items/index.html.erb within layouts/application (Duration: 2.0ms | Allocations: 3894)
Completed 500 Internal Server Error in 3ms (ActiveRecord: 0.0ms | Allocations: 4338)


  
ActionView::Template::Error (The asset "index_banner.jpg" is not present in the asset pipeline.
):
    1: <div class="banner mb-5" style="background-image: linear-gradient(rgba(0,0,0,0.4),rgba(0,0,0,0.4)), url(<%= asset_url("index_banner.jpg") %>);">
    2:   <div>
    3:     <h1 id="title-index">Wizards</h1>
    4:     <h3>what we have to offer :</h3>
  
app/views/items/index.html.erb:1
Started GET "/items" for ::1 at 2021-08-16 12:07:58 +0200
Processing by ItemsController#index as HTML
  Rendering items/index.html.erb within layouts/application
  Rendered items/index.html.erb within layouts/application (Duration: 0.9ms | Allocations: 1628)
Completed 500 Internal Server Error in 2ms (ActiveRecord: 0.0ms | Allocations: 2805)


  
ActionView::Template::Error (undefined method `each' for nil:NilClass):
     7: 
     8: <div class="container text-center" style="margin-top: 130px;">
     9:   <div class="wizards-list">
    10:    <% @wizards.each do |wizard| %>
    11:       <%= link_to wizard_path(wizard) do %>
    12:         <div class="card-category card" style="background-image: linear-gradient(rgba(0,0,0,0.3), rgba(0,0,0,0.3)), url(<%= wizard.picture_url %>); background-position: 20% 20%; height: 350px; width: 100%; padding-top: 75%;">
    13:           <h2><%= wizard.name%></h2>
  
app/views/items/index.html.erb:10
Started GET "/items" for ::1 at 2021-08-16 13:06:31 +0200
Processing by ItemsController#index as HTML
  Rendering items/index.html.erb within layouts/application
  Rendered items/index.html.erb within layouts/application (Duration: 0.7ms | Allocations: 1331)
Completed 500 Internal Server Error in 3ms (ActiveRecord: 0.0ms | Allocations: 2648)


  
ActionView::Template::Error (undefined method `each' for nil:NilClass):
     7: 
     8: <div class="container text-center" style="margin-top: 130px;">
     9:   <div class="wizards-list">
    10:    <% @wizards.each do |wizard| %>
    11:       <%= link_to wizard_path(wizard) do %>
    12:         <div class="card-category card" style="background-image: linear-gradient(rgba(0,0,0,0.3), rgba(0,0,0,0.3)), url(<%= wizard.picture_url %>); background-position: 20% 20%; height: 350px; width: 100%; padding-top: 75%;">
    13:           <h2><%= wizard.name%></h2>
  
app/views/items/index.html.erb:10
Started GET "/items" for ::1 at 2021-08-16 13:06:31 +0200
Processing by ItemsController#index as HTML
  Rendering items/index.html.erb within layouts/application
  Rendered items/index.html.erb within layouts/application (Duration: 0.7ms | Allocations: 1380)
Completed 500 Internal Server Error in 2ms (ActiveRecord: 0.0ms | Allocations: 1824)


  
ActionView::Template::Error (undefined method `each' for nil:NilClass):
     7: 
     8: <div class="container text-center" style="margin-top: 130px;">
     9:   <div class="wizards-list">
    10:    <% @wizards.each do |wizard| %>
    11:       <%= link_to wizard_path(wizard) do %>
    12:         <div class="card-category card" style="background-image: linear-gradient(rgba(0,0,0,0.3), rgba(0,0,0,0.3)), url(<%= wizard.picture_url %>); background-position: 20% 20%; height: 350px; width: 100%; padding-top: 75%;">
    13:           <h2><%= wizard.name%></h2>
  
app/views/items/index.html.erb:10
Started GET "/items" for ::1 at 2021-08-16 13:06:58 +0200
Processing by ItemsController#index as HTML
  Rendering items/index.html.erb within layouts/application
  [1m[36mItem Load (0.7ms)[0m  [1m[34mSELECT "items".* FROM "items"[0m
  ↳ app/views/items/index.html.erb:10
  Rendered items/index.html.erb within layouts/application (Duration: 4.2ms | Allocations: 1448)
[Webpacker] Everything's up-to-date. Nothing to do
Completed 200 OK in 62ms (Views: 58.9ms | ActiveRecord: 2.7ms | Allocations: 45532)


Started GET "/items" for ::1 at 2021-08-16 13:06:59 +0200
Processing by ItemsController#index as HTML
  Rendering items/index.html.erb within layouts/application
  [1m[36mItem Load (0.3ms)[0m  [1m[34mSELECT "items".* FROM "items"[0m
  ↳ app/views/items/index.html.erb:10
  Rendered items/index.html.erb within layouts/application (Duration: 1.4ms | Allocations: 673)
[Webpacker] Everything's up-to-date. Nothing to do
Completed 200 OK in 8ms (Views: 7.6ms | ActiveRecord: 0.3ms | Allocations: 9958)


Started GET "/items/new" for ::1 at 2021-08-16 13:07:17 +0200
Processing by ItemsController#new as HTML
Completed 406 Not Acceptable in 9ms (ActiveRecord: 3.6ms | Allocations: 4967)


  
ActionController::MissingExactTemplate (ItemsController#new is missing a template for request formats: text/html):
  
actionpack (6.0.4) lib/action_controller/metal/implicit_render.rb:45:in `default_render'
actionpack (6.0.4) lib/action_controller/metal/basic_implicit_render.rb:6:in `block in send_action'
actionpack (6.0.4) lib/action_controller/metal/basic_implicit_render.rb:6:in `tap'
actionpack (6.0.4) lib/action_controller/metal/basic_implicit_render.rb:6:in `send_action'
actionpack (6.0.4) lib/abstract_controller/base.rb:195:in `process_action'
actionpack (6.0.4) lib/action_controller/metal/rendering.rb:30:in `process_action'
actionpack (6.0.4) lib/abstract_controller/callbacks.rb:42:in `block in process_action'
activesupport (6.0.4) lib/active_support/callbacks.rb:135:in `run_callbacks'
actionpack (6.0.4) lib/abstract_controller/callbacks.rb:41:in `process_action'
actionpack (6.0.4) lib/action_controller/metal/rescue.rb:22:in `process_action'
actionpack (6.0.4) lib/action_controller/metal/instrumentation.rb:33:in `block in process_action'
activesupport (6.0.4) lib/active_support/notifications.rb:180:in `block in instrument'
activesupport (6.0.4) lib/active_support/notifications/instrumenter.rb:24:in `instrument'
activesupport (6.0.4) lib/active_support/notifications.rb:180:in `instrument'
actionpack (6.0.4) lib/action_controller/metal/instrumentation.rb:32:in `process_action'
actionpack (6.0.4) lib/action_controller/metal/params_wrapper.rb:245:in `process_action'
activerecord (6.0.4) lib/active_record/railties/controller_runtime.rb:27:in `process_action'
actionpack (6.0.4) lib/abstract_controller/base.rb:136:in `process'
actionview (6.0.4) lib/action_view/rendering.rb:39:in `process'
actionpack (6.0.4) lib/action_controller/metal.rb:190:in `dispatch'
actionpack (6.0.4) lib/action_controller/metal.rb:254:in `dispatch'
actionpack (6.0.4) lib/action_dispatch/routing/route_set.rb:50:in `dispatch'
actionpack (6.0.4) lib/action_dispatch/routing/route_set.rb:33:in `serve'
actionpack (6.0.4) lib/action_dispatch/journey/router.rb:49:in `block in serve'
actionpack (6.0.4) lib/action_dispatch/journey/router.rb:32:in `each'
actionpack (6.0.4) lib/action_dispatch/journey/router.rb:32:in `serve'
actionpack (6.0.4) lib/action_dispatch/routing/route_set.rb:834:in `call'
rack (2.2.3) lib/rack/tempfile_reaper.rb:15:in `call'
rack (2.2.3) lib/rack/etag.rb:27:in `call'
rack (2.2.3) lib/rack/conditional_get.rb:27:in `call'
rack (2.2.3) lib/rack/head.rb:12:in `call'
actionpack (6.0.4) lib/action_dispatch/http/content_security_policy.rb:18:in `call'
rack (2.2.3) lib/rack/session/abstract/id.rb:266:in `context'
rack (2.2.3) lib/rack/session/abstract/id.rb:260:in `call'
actionpack (6.0.4) lib/action_dispatch/middleware/cookies.rb:654:in `call'
activerecord (6.0.4) lib/active_record/migration.rb:567:in `call'
actionpack (6.0.4) lib/action_dispatch/middleware/callbacks.rb:27:in `block in call'
activesupport (6.0.4) lib/active_support/callbacks.rb:101:in `run_callbacks'
actionpack (6.0.4) lib/action_dispatch/middleware/callbacks.rb:26:in `call'
actionpack (6.0.4) lib/action_dispatch/middleware/executor.rb:14:in `call'
actionpack (6.0.4) lib/action_dispatch/middleware/actionable_exceptions.rb:18:in `call'
actionpack (6.0.4) lib/action_dispatch/middleware/debug_exceptions.rb:32:in `call'
web-console (4.1.0) lib/web_console/middleware.rb:132:in `call_app'
web-console (4.1.0) lib/web_console/middleware.rb:28:in `block in call'
web-console (4.1.0) lib/web_console/middleware.rb:17:in `catch'
web-console (4.1.0) lib/web_console/middleware.rb:17:in `call'
actionpack (6.0.4) lib/action_dispatch/middleware/show_exceptions.rb:33:in `call'
railties (6.0.4) lib/rails/rack/logger.rb:37:in `call_app'
railties (6.0.4) lib/rails/rack/logger.rb:26:in `block in call'
activesupport (6.0.4) lib/active_support/tagged_logging.rb:80:in `block in tagged'
activesupport (6.0.4) lib/active_support/tagged_logging.rb:28:in `tagged'
activesupport (6.0.4) lib/active_support/tagged_logging.rb:80:in `tagged'
railties (6.0.4) lib/rails/rack/logger.rb:26:in `call'
sprockets-rails (3.2.2) lib/sprockets/rails/quiet_assets.rb:13:in `call'
actionpack (6.0.4) lib/action_dispatch/middleware/remote_ip.rb:81:in `call'
actionpack (6.0.4) lib/action_dispatch/middleware/request_id.rb:27:in `call'
rack (2.2.3) lib/rack/method_override.rb:24:in `call'
rack (2.2.3) lib/rack/runtime.rb:22:in `call'
activesupport (6.0.4) lib/active_support/cache/strategy/local_cache_middleware.rb:29:in `call'
actionpack (6.0.4) lib/action_dispatch/middleware/executor.rb:14:in `call'
actionpack (6.0.4) lib/action_dispatch/middleware/static.rb:126:in `call'
rack (2.2.3) lib/rack/sendfile.rb:110:in `call'
actionpack (6.0.4) lib/action_dispatch/middleware/host_authorization.rb:82:in `call'
webpacker (4.3.0) lib/webpacker/dev_server_proxy.rb:23:in `perform_request'
rack-proxy (0.7.0) lib/rack/proxy.rb:63:in `call'
railties (6.0.4) lib/rails/engine.rb:527:in `call'
puma (4.3.8) lib/puma/configuration.rb:228:in `call'
puma (4.3.8) lib/puma/server.rb:718:in `handle_request'
puma (4.3.8) lib/puma/server.rb:472:in `process_client'
puma (4.3.8) lib/puma/server.rb:328:in `block in run'
puma (4.3.8) lib/puma/thread_pool.rb:134:in `block in spawn_thread'
Started GET "/items" for ::1 at 2021-08-16 13:07:19 +0200
Processing by ItemsController#index as HTML
  Rendering items/index.html.erb within layouts/application
  [1m[36mItem Load (0.3ms)[0m  [1m[34mSELECT "items".* FROM "items"[0m
  ↳ app/views/items/index.html.erb:10
  Rendered items/index.html.erb within layouts/application (Duration: 1.2ms | Allocations: 667)
[Webpacker] Everything's up-to-date. Nothing to do
Completed 200 OK in 9ms (Views: 7.5ms | ActiveRecord: 0.3ms | Allocations: 10123)


Started GET "/items" for ::1 at 2021-08-16 13:07:19 +0200
Processing by ItemsController#index as HTML
  Rendering items/index.html.erb within layouts/application
  [1m[36mItem Load (0.2ms)[0m  [1m[34mSELECT "items".* FROM "items"[0m
  ↳ app/views/items/index.html.erb:10
  Rendered items/index.html.erb within layouts/application (Duration: 1.2ms | Allocations: 658)
[Webpacker] Everything's up-to-date. Nothing to do
Completed 200 OK in 9ms (Views: 7.9ms | ActiveRecord: 0.2ms | Allocations: 9929)


Started GET "/items" for ::1 at 2021-08-16 13:09:38 +0200
Processing by ItemsController#index as HTML
  Rendering items/index.html.erb within layouts/application
  [1m[36mItem Load (0.3ms)[0m  [1m[34mSELECT "items".* FROM "items"[0m
  ↳ app/views/items/index.html.erb:10
  Rendered items/index.html.erb within layouts/application (Duration: 1.2ms | Allocations: 662)
[Webpacker] Everything's up-to-date. Nothing to do
Completed 200 OK in 1990ms (Views: 1989.5ms | ActiveRecord: 0.3ms | Allocations: 79885)


Started GET "/items" for ::1 at 2021-08-16 13:09:40 +0200
Processing by ItemsController#index as HTML
  Rendering items/index.html.erb within layouts/application
  [1m[36mItem Load (0.3ms)[0m  [1m[34mSELECT "items".* FROM "items"[0m
  ↳ app/views/items/index.html.erb:10
  Rendered items/index.html.erb within layouts/application (Duration: 1.1ms | Allocations: 660)
[Webpacker] Everything's up-to-date. Nothing to do
Completed 200 OK in 7ms (Views: 6.7ms | ActiveRecord: 0.3ms | Allocations: 9983)


Started GET "/items/new" for ::1 at 2021-08-16 13:09:42 +0200
Processing by ItemsController#new as HTML
Completed 406 Not Acceptable in 1ms (ActiveRecord: 0.0ms | Allocations: 669)


  
ActionController::MissingExactTemplate (ItemsController#new is missing a template for request formats: text/html):
  
actionpack (6.0.4) lib/action_controller/metal/implicit_render.rb:45:in `default_render'
actionpack (6.0.4) lib/action_controller/metal/basic_implicit_render.rb:6:in `block in send_action'
actionpack (6.0.4) lib/action_controller/metal/basic_implicit_render.rb:6:in `tap'
actionpack (6.0.4) lib/action_controller/metal/basic_implicit_render.rb:6:in `send_action'
actionpack (6.0.4) lib/abstract_controller/base.rb:195:in `process_action'
actionpack (6.0.4) lib/action_controller/metal/rendering.rb:30:in `process_action'
actionpack (6.0.4) lib/abstract_controller/callbacks.rb:42:in `block in process_action'
activesupport (6.0.4) lib/active_support/callbacks.rb:135:in `run_callbacks'
actionpack (6.0.4) lib/abstract_controller/callbacks.rb:41:in `process_action'
actionpack (6.0.4) lib/action_controller/metal/rescue.rb:22:in `process_action'
actionpack (6.0.4) lib/action_controller/metal/instrumentation.rb:33:in `block in process_action'
activesupport (6.0.4) lib/active_support/notifications.rb:180:in `block in instrument'
activesupport (6.0.4) lib/active_support/notifications/instrumenter.rb:24:in `instrument'
activesupport (6.0.4) lib/active_support/notifications.rb:180:in `instrument'
actionpack (6.0.4) lib/action_controller/metal/instrumentation.rb:32:in `process_action'
actionpack (6.0.4) lib/action_controller/metal/params_wrapper.rb:245:in `process_action'
activerecord (6.0.4) lib/active_record/railties/controller_runtime.rb:27:in `process_action'
actionpack (6.0.4) lib/abstract_controller/base.rb:136:in `process'
actionview (6.0.4) lib/action_view/rendering.rb:39:in `process'
actionpack (6.0.4) lib/action_controller/metal.rb:190:in `dispatch'
actionpack (6.0.4) lib/action_controller/metal.rb:254:in `dispatch'
actionpack (6.0.4) lib/action_dispatch/routing/route_set.rb:50:in `dispatch'
actionpack (6.0.4) lib/action_dispatch/routing/route_set.rb:33:in `serve'
actionpack (6.0.4) lib/action_dispatch/journey/router.rb:49:in `block in serve'
actionpack (6.0.4) lib/action_dispatch/journey/router.rb:32:in `each'
actionpack (6.0.4) lib/action_dispatch/journey/router.rb:32:in `serve'
actionpack (6.0.4) lib/action_dispatch/routing/route_set.rb:834:in `call'
rack (2.2.3) lib/rack/tempfile_reaper.rb:15:in `call'
rack (2.2.3) lib/rack/etag.rb:27:in `call'
rack (2.2.3) lib/rack/conditional_get.rb:27:in `call'
rack (2.2.3) lib/rack/head.rb:12:in `call'
actionpack (6.0.4) lib/action_dispatch/http/content_security_policy.rb:18:in `call'
rack (2.2.3) lib/rack/session/abstract/id.rb:266:in `context'
rack (2.2.3) lib/rack/session/abstract/id.rb:260:in `call'
actionpack (6.0.4) lib/action_dispatch/middleware/cookies.rb:654:in `call'
activerecord (6.0.4) lib/active_record/migration.rb:567:in `call'
actionpack (6.0.4) lib/action_dispatch/middleware/callbacks.rb:27:in `block in call'
activesupport (6.0.4) lib/active_support/callbacks.rb:101:in `run_callbacks'
actionpack (6.0.4) lib/action_dispatch/middleware/callbacks.rb:26:in `call'
actionpack (6.0.4) lib/action_dispatch/middleware/executor.rb:14:in `call'
actionpack (6.0.4) lib/action_dispatch/middleware/actionable_exceptions.rb:18:in `call'
actionpack (6.0.4) lib/action_dispatch/middleware/debug_exceptions.rb:32:in `call'
web-console (4.1.0) lib/web_console/middleware.rb:132:in `call_app'
web-console (4.1.0) lib/web_console/middleware.rb:28:in `block in call'
web-console (4.1.0) lib/web_console/middleware.rb:17:in `catch'
web-console (4.1.0) lib/web_console/middleware.rb:17:in `call'
actionpack (6.0.4) lib/action_dispatch/middleware/show_exceptions.rb:33:in `call'
railties (6.0.4) lib/rails/rack/logger.rb:37:in `call_app'
railties (6.0.4) lib/rails/rack/logger.rb:26:in `block in call'
activesupport (6.0.4) lib/active_support/tagged_logging.rb:80:in `block in tagged'
activesupport (6.0.4) lib/active_support/tagged_logging.rb:28:in `tagged'
activesupport (6.0.4) lib/active_support/tagged_logging.rb:80:in `tagged'
railties (6.0.4) lib/rails/rack/logger.rb:26:in `call'
sprockets-rails (3.2.2) lib/sprockets/rails/quiet_assets.rb:13:in `call'
actionpack (6.0.4) lib/action_dispatch/middleware/remote_ip.rb:81:in `call'
actionpack (6.0.4) lib/action_dispatch/middleware/request_id.rb:27:in `call'
rack (2.2.3) lib/rack/method_override.rb:24:in `call'
rack (2.2.3) lib/rack/runtime.rb:22:in `call'
activesupport (6.0.4) lib/active_support/cache/strategy/local_cache_middleware.rb:29:in `call'
actionpack (6.0.4) lib/action_dispatch/middleware/executor.rb:14:in `call'
actionpack (6.0.4) lib/action_dispatch/middleware/static.rb:126:in `call'
rack (2.2.3) lib/rack/sendfile.rb:110:in `call'
actionpack (6.0.4) lib/action_dispatch/middleware/host_authorization.rb:82:in `call'
webpacker (4.3.0) lib/webpacker/dev_server_proxy.rb:23:in `perform_request'
rack-proxy (0.7.0) lib/rack/proxy.rb:63:in `call'
railties (6.0.4) lib/rails/engine.rb:527:in `call'
puma (4.3.8) lib/puma/configuration.rb:228:in `call'
puma (4.3.8) lib/puma/server.rb:718:in `handle_request'
puma (4.3.8) lib/puma/server.rb:472:in `process_client'
puma (4.3.8) lib/puma/server.rb:328:in `block in run'
puma (4.3.8) lib/puma/thread_pool.rb:134:in `block in spawn_thread'
Started GET "/items/new" for ::1 at 2021-08-16 13:12:11 +0200
Processing by ItemsController#new as HTML
  Rendering items/new.html.erb within layouts/application
  Rendered items/new.html.erb within layouts/application (Duration: 38.4ms | Allocations: 13136)
Completed 500 Internal Server Error in 41ms (ActiveRecord: 0.0ms | Allocations: 14298)


  
ActionView::Template::Error (undefined method `model_name' for nil:NilClass):
    2:   <div class="col-12 col-sm-8 col-md-4 offset-sm-2 offset-md-4 w-50 log-form">
    3: 
    4:     <h1>Create a new wizard</h1>
    5:     <%= simple_form_for @wizard do |f| %>
    6:       <%= f.input :name %>
    7:       <%= f.input :eye_color %>
    8:       <%= f.input :hair_color %>
  
app/views/items/new.html.erb:5
Started GET "/items/new" for ::1 at 2021-08-16 13:12:33 +0200
Processing by ItemsController#new as HTML
  Rendering items/new.html.erb within layouts/application
  Rendered items/new.html.erb within layouts/application (Duration: 12.4ms | Allocations: 9920)
Completed 500 Internal Server Error in 14ms (ActiveRecord: 0.0ms | Allocations: 11082)


  
ActionView::Template::Error (undefined method `eye_color' for #<Item:0x00007fedb8fba7b8>):
    4:     <h1>Create a new item</h1>
    5:     <%= simple_form_for @item do |f| %>
    6:       <%= f.input :name %>
    7:       <%= f.input :eye_color %>
    8:       <%= f.input :hair_color %>
    9:       <%= f.input :house %>
   10:       <%= f.input :price %>
  
app/views/items/new.html.erb:7
app/views/items/new.html.erb:5
Started GET "/items/new" for ::1 at 2021-08-16 13:14:30 +0200
Processing by ItemsController#new as HTML
  Rendering items/new.html.erb within layouts/application
  Rendered items/new.html.erb within layouts/application (Duration: 10.9ms | Allocations: 11453)
[Webpacker] Everything's up-to-date. Nothing to do
Completed 200 OK in 19ms (Views: 18.2ms | ActiveRecord: 0.0ms | Allocations: 21766)


Started GET "/items" for ::1 at 2021-08-16 13:28:52 +0200
Processing by ItemsController#index as HTML
Completed 500 Internal Server Error in 1ms (ActiveRecord: 0.0ms | Allocations: 1142)


  
SyntaxError (/home/alex1008/code/hadri96/easy_orders/app/models/item.rb:5: syntax error, unexpected local variable or method, expecting `end'
...name, presence: true uniqueness: true
...                     ^~~~~~~~~~
):
  
app/models/item.rb:5: syntax error, unexpected local variable or method, expecting `end'
app/models/item.rb:5: syntax error, unexpected local variable or method, expecting `end'
app/models/item.rb:5: syntax error, unexpected local variable or method, expecting `end'
app/controllers/items_controller.rb:11:in `index'
Started GET "/items" for ::1 at 2021-08-16 13:29:22 +0200
Processing by ItemsController#index as HTML
  Rendering items/index.html.erb within layouts/application
  [1m[36mItem Load (0.5ms)[0m  [1m[34mSELECT "items".* FROM "items"[0m
  ↳ app/views/items/index.html.erb:10
  Rendered items/index.html.erb within layouts/application (Duration: 3.6ms | Allocations: 1395)
[Webpacker] Everything's up-to-date. Nothing to do
Completed 200 OK in 14ms (Views: 8.6ms | ActiveRecord: 2.0ms | Allocations: 13330)


Started GET "/items" for ::1 at 2021-08-16 13:29:22 +0200
Processing by ItemsController#index as HTML
  Rendering items/index.html.erb within layouts/application
  [1m[36mItem Load (0.3ms)[0m  [1m[34mSELECT "items".* FROM "items"[0m
  ↳ app/views/items/index.html.erb:10
  Rendered items/index.html.erb within layouts/application (Duration: 1.6ms | Allocations: 663)
[Webpacker] Everything's up-to-date. Nothing to do
Completed 200 OK in 10ms (Views: 9.1ms | ActiveRecord: 0.3ms | Allocations: 9996)


Started GET "/items" for ::1 at 2021-08-16 13:32:24 +0200
Processing by ItemsController#index as HTML
  Rendering items/index.html.erb within layouts/application
  [1m[36mItem Load (0.4ms)[0m  [1m[34mSELECT "items".* FROM "items"[0m
  ↳ app/views/items/index.html.erb:10
  Rendered items/index.html.erb within layouts/application (Duration: 1.5ms | Allocations: 658)
[Webpacker] Everything's up-to-date. Nothing to do
Completed 200 OK in 14ms (Views: 13.0ms | ActiveRecord: 0.4ms | Allocations: 9985)


Started GET "/items" for ::1 at 2021-08-16 13:32:24 +0200
Processing by ItemsController#index as HTML
  Rendering items/index.html.erb within layouts/application
  [1m[36mItem Load (0.4ms)[0m  [1m[34mSELECT "items".* FROM "items"[0m
  ↳ app/views/items/index.html.erb:10
  Rendered items/index.html.erb within layouts/application (Duration: 1.4ms | Allocations: 660)
[Webpacker] Everything's up-to-date. Nothing to do
Completed 200 OK in 9ms (Views: 7.7ms | ActiveRecord: 0.4ms | Allocations: 9990)


Started GET "/items" for ::1 at 2021-08-16 13:32:27 +0200
Processing by ItemsController#index as HTML
  Rendering items/index.html.erb within layouts/application
  [1m[36mItem Load (0.3ms)[0m  [1m[34mSELECT "items".* FROM "items"[0m
  ↳ app/views/items/index.html.erb:10
  Rendered items/index.html.erb within layouts/application (Duration: 1.2ms | Allocations: 658)
[Webpacker] Everything's up-to-date. Nothing to do
Completed 200 OK in 9ms (Views: 7.8ms | ActiveRecord: 0.3ms | Allocations: 9980)


Started GET "/items" for ::1 at 2021-08-16 13:32:27 +0200
Processing by ItemsController#index as HTML
  Rendering items/index.html.erb within layouts/application
  [1m[36mItem Load (0.2ms)[0m  [1m[34mSELECT "items".* FROM "items"[0m
  ↳ app/views/items/index.html.erb:10
  Rendered items/index.html.erb within layouts/application (Duration: 1.1ms | Allocations: 658)
[Webpacker] Everything's up-to-date. Nothing to do
Completed 200 OK in 8ms (Views: 7.2ms | ActiveRecord: 0.2ms | Allocations: 9982)


Started GET "/items" for ::1 at 2021-08-16 13:32:29 +0200
Processing by ItemsController#index as HTML
  Rendering items/index.html.erb within layouts/application
  [1m[36mItem Load (0.5ms)[0m  [1m[34mSELECT "items".* FROM "items"[0m
  ↳ app/views/items/index.html.erb:10
  Rendered items/index.html.erb within layouts/application (Duration: 1.5ms | Allocations: 658)
[Webpacker] Everything's up-to-date. Nothing to do
Completed 200 OK in 8ms (Views: 7.4ms | ActiveRecord: 0.5ms | Allocations: 9978)


Started GET "/items" for ::1 at 2021-08-16 13:32:29 +0200
Processing by ItemsController#index as HTML
  Rendering items/index.html.erb within layouts/application
  [1m[36mItem Load (0.4ms)[0m  [1m[34mSELECT "items".* FROM "items"[0m
  ↳ app/views/items/index.html.erb:10
  Rendered items/index.html.erb within layouts/application (Duration: 1.4ms | Allocations: 658)
[Webpacker] Everything's up-to-date. Nothing to do
Completed 200 OK in 8ms (Views: 7.4ms | ActiveRecord: 0.4ms | Allocations: 9985)


Started GET "/items/new" for ::1 at 2021-08-16 13:32:45 +0200
Processing by ItemsController#new as HTML
  Rendering items/new.html.erb within layouts/application
  Rendered items/new.html.erb within layouts/application (Duration: 19.7ms | Allocations: 14350)
[Webpacker] Everything's up-to-date. Nothing to do
Completed 200 OK in 34ms (Views: 26.7ms | ActiveRecord: 2.8ms | Allocations: 26465)


Started POST "/items" for ::1 at 2021-08-16 13:32:49 +0200
Processing by ItemsController#create as HTML
  Parameters: {"authenticity_token"=>"hIuRSd9Mmdp9J65EUwAwR7Ts6MtLBLoDQZ5yflr0v2pJHyzdgMhOLV99iWM0wlqi+LewHcYpPXTS53EUnPZYHA==", "item"=>{"name"=>"", "item_price"=>"", "item_description"=>""}, "commit"=>"Create Item"}
Completed 500 Internal Server Error in 87ms (ActiveRecord: 0.0ms | Allocations: 91146)


  
NameError (undefined local variable or method `current_user' for #<ItemsController:0x00005621999772f8>):
  
app/controllers/items_controller.rb:25:in `create'
Started GET "/items" for ::1 at 2021-08-16 13:32:53 +0200
Processing by ItemsController#index as HTML
  Rendering items/index.html.erb within layouts/application
  [1m[36mItem Load (0.3ms)[0m  [1m[34mSELECT "items".* FROM "items"[0m
  ↳ app/views/items/index.html.erb:10
  Rendered items/index.html.erb within layouts/application (Duration: 1.4ms | Allocations: 658)
[Webpacker] Everything's up-to-date. Nothing to do
Completed 200 OK in 9ms (Views: 8.4ms | ActiveRecord: 0.3ms | Allocations: 10152)


Started GET "/items" for ::1 at 2021-08-16 13:32:53 +0200
Processing by ItemsController#index as HTML
  Rendering items/index.html.erb within layouts/application
  [1m[36mItem Load (0.2ms)[0m  [1m[34mSELECT "items".* FROM "items"[0m
  ↳ app/views/items/index.html.erb:10
  Rendered items/index.html.erb within layouts/application (Duration: 1.0ms | Allocations: 658)
[Webpacker] Everything's up-to-date. Nothing to do
Completed 200 OK in 8ms (Views: 7.0ms | ActiveRecord: 0.2ms | Allocations: 9984)


Started GET "/items/new" for ::1 at 2021-08-16 13:32:55 +0200
Processing by ItemsController#new as HTML
  Rendering items/new.html.erb within layouts/application
  Rendered items/new.html.erb within layouts/application (Duration: 8.5ms | Allocations: 9010)
[Webpacker] Everything's up-to-date. Nothing to do
Completed 200 OK in 16ms (Views: 15.1ms | ActiveRecord: 0.0ms | Allocations: 18231)


Started POST "/items" for ::1 at 2021-08-16 13:33:18 +0200
Processing by ItemsController#create as HTML
  Parameters: {"authenticity_token"=>"zJWOTx0CQI8Eg2hgzeIXYTjIaaBHRgr/C21EJpS/bpMBATPbQoaXeCbZT0eqIH2EdJMxdsprjYiYFEdMUr2J5Q==", "item"=>{"name"=>"beer", "item_price"=>"78", "item_description"=>"fresh and cool"}, "commit"=>"Create Item"}
Completed 500 Internal Server Error in 98ms (ActiveRecord: 0.0ms | Allocations: 91130)


  
NameError (undefined local variable or method `current_user' for #<ItemsController:0x00007fedb8c52d28>):
  
app/controllers/items_controller.rb:25:in `create'
Started GET "/items" for ::1 at 2021-08-16 13:33:49 +0200
Processing by ItemsController#index as HTML
  Rendering items/index.html.erb within layouts/application
  [1m[36mItem Load (0.3ms)[0m  [1m[34mSELECT "items".* FROM "items"[0m
  ↳ app/views/items/index.html.erb:10
  Rendered items/index.html.erb within layouts/application (Duration: 1.4ms | Allocations: 657)
[Webpacker] Everything's up-to-date. Nothing to do
Completed 200 OK in 8ms (Views: 7.3ms | ActiveRecord: 0.3ms | Allocations: 10164)


Started GET "/items" for ::1 at 2021-08-16 13:33:49 +0200
Processing by ItemsController#index as HTML
  Rendering items/index.html.erb within layouts/application
  [1m[36mItem Load (0.3ms)[0m  [1m[34mSELECT "items".* FROM "items"[0m
  ↳ app/views/items/index.html.erb:10
  Rendered items/index.html.erb within layouts/application (Duration: 1.5ms | Allocations: 658)
[Webpacker] Everything's up-to-date. Nothing to do
Completed 200 OK in 10ms (Views: 9.1ms | ActiveRecord: 0.3ms | Allocations: 9988)


Started GET "/items/new" for ::1 at 2021-08-16 13:33:56 +0200
Processing by ItemsController#new as HTML
  Rendering items/new.html.erb within layouts/application
  Rendered items/new.html.erb within layouts/application (Duration: 8.4ms | Allocations: 8996)
[Webpacker] Everything's up-to-date. Nothing to do
Completed 200 OK in 16ms (Views: 15.1ms | ActiveRecord: 0.0ms | Allocations: 18229)


Started GET "/items/new" for ::1 at 2021-08-16 13:34:25 +0200
Processing by ItemsController#new as HTML
  Rendering items/new.html.erb within layouts/application
  Rendered items/new.html.erb within layouts/application (Duration: 7.6ms | Allocations: 8964)
[Webpacker] Everything's up-to-date. Nothing to do
Completed 200 OK in 994ms (Views: 993.7ms | ActiveRecord: 0.0ms | Allocations: 87681)


Started GET "/items/" for ::1 at 2021-08-16 13:34:32 +0200
Processing by ItemsController#index as HTML
  Rendering items/index.html.erb within layouts/application
  [1m[36mItem Load (0.4ms)[0m  [1m[34mSELECT "items".* FROM "items"[0m
  ↳ app/views/items/index.html.erb:10
  Rendered items/index.html.erb within layouts/application (Duration: 1.4ms | Allocations: 658)
[Webpacker] Everything's up-to-date. Nothing to do
Completed 200 OK in 9ms (Views: 8.4ms | ActiveRecord: 0.4ms | Allocations: 10154)


Started GET "/items/" for ::1 at 2021-08-16 13:34:32 +0200
Processing by ItemsController#index as HTML
  Rendering items/index.html.erb within layouts/application
  [1m[36mItem Load (0.7ms)[0m  [1m[34mSELECT "items".* FROM "items"[0m
  ↳ app/views/items/index.html.erb:10
  Rendered items/index.html.erb within layouts/application (Duration: 1.9ms | Allocations: 658)
[Webpacker] Everything's up-to-date. Nothing to do
Completed 200 OK in 12ms (Views: 10.5ms | ActiveRecord: 0.7ms | Allocations: 10148)


Started GET "/items" for ::1 at 2021-08-16 13:34:38 +0200
Processing by ItemsController#index as HTML
  Rendering items/index.html.erb within layouts/application
  [1m[36mItem Load (0.5ms)[0m  [1m[34mSELECT "items".* FROM "items"[0m
  ↳ app/views/items/index.html.erb:10
  Rendered items/index.html.erb within layouts/application (Duration: 1.7ms | Allocations: 658)
[Webpacker] Everything's up-to-date. Nothing to do
Completed 200 OK in 11ms (Views: 9.3ms | ActiveRecord: 0.5ms | Allocations: 10140)


Started GET "/items" for ::1 at 2021-08-16 13:34:39 +0200
Processing by ItemsController#index as HTML
  Rendering items/index.html.erb within layouts/application
  [1m[36mItem Load (0.5ms)[0m  [1m[34mSELECT "items".* FROM "items"[0m
  ↳ app/views/items/index.html.erb:10
  Rendered items/index.html.erb within layouts/application (Duration: 1.9ms | Allocations: 658)
[Webpacker] Everything's up-to-date. Nothing to do
Completed 200 OK in 12ms (Views: 11.0ms | ActiveRecord: 0.5ms | Allocations: 10142)


Started GET "/items/new" for ::1 at 2021-08-16 13:34:40 +0200
Processing by ItemsController#new as HTML
  Rendering items/new.html.erb within layouts/application
  Rendered items/new.html.erb within layouts/application (Duration: 11.6ms | Allocations: 8999)
[Webpacker] Everything's up-to-date. Nothing to do
Completed 200 OK in 19ms (Views: 18.4ms | ActiveRecord: 0.0ms | Allocations: 18568)


Started GET "/items/new" for ::1 at 2021-08-16 13:38:58 +0200
Processing by ItemsController#new as HTML
  Rendering items/new.html.erb within layouts/application
  Rendered items/new.html.erb within layouts/application (Duration: 7.8ms | Allocations: 8976)
[Webpacker] Everything's up-to-date. Nothing to do
Completed 200 OK in 15ms (Views: 14.1ms | ActiveRecord: 0.0ms | Allocations: 18377)


Started GET "/items/new" for ::1 at 2021-08-16 13:38:58 +0200
Processing by ItemsController#new as HTML
  Rendering items/new.html.erb within layouts/application
  Rendered items/new.html.erb within layouts/application (Duration: 6.7ms | Allocations: 8964)
[Webpacker] Everything's up-to-date. Nothing to do
Completed 200 OK in 14ms (Views: 12.9ms | ActiveRecord: 0.0ms | Allocations: 18372)


Started GET "/items/new" for ::1 at 2021-08-16 13:38:59 +0200
Processing by ItemsController#new as HTML
  Rendering items/new.html.erb within layouts/application
  Rendered items/new.html.erb within layouts/application (Duration: 7.8ms | Allocations: 8965)
[Webpacker] Everything's up-to-date. Nothing to do
Completed 200 OK in 15ms (Views: 14.1ms | ActiveRecord: 0.0ms | Allocations: 18346)


Started GET "/items/new" for ::1 at 2021-08-16 13:38:59 +0200
Processing by ItemsController#new as HTML
  Rendering items/new.html.erb within layouts/application
  Rendered items/new.html.erb within layouts/application (Duration: 8.2ms | Allocations: 8964)
[Webpacker] Everything's up-to-date. Nothing to do
Completed 200 OK in 15ms (Views: 14.6ms | ActiveRecord: 0.0ms | Allocations: 18357)


Started GET "/items/new" for ::1 at 2021-08-16 13:57:21 +0200
Processing by ItemsController#new as HTML
  Rendering items/new.html.erb within layouts/application
  Rendered items/new.html.erb within layouts/application (Duration: 8.1ms | Allocations: 9254)
[Webpacker] Everything's up-to-date. Nothing to do
Completed 200 OK in 16ms (Views: 15.3ms | ActiveRecord: 0.0ms | Allocations: 19727)


Started GET "/items" for ::1 at 2021-08-16 13:57:28 +0200
Processing by ItemsController#index as HTML
  Rendering items/index.html.erb within layouts/application
  [1m[36mItem Load (0.5ms)[0m  [1m[34mSELECT "items".* FROM "items"[0m
  ↳ app/views/items/index.html.erb:10
  Rendered items/index.html.erb within layouts/application (Duration: 2.1ms | Allocations: 996)
[Webpacker] Everything's up-to-date. Nothing to do
Completed 200 OK in 10ms (Views: 8.9ms | ActiveRecord: 0.5ms | Allocations: 10636)


Started GET "/items" for ::1 at 2021-08-16 13:57:28 +0200
Processing by ItemsController#index as HTML
  Rendering items/index.html.erb within layouts/application
  [1m[36mItem Load (0.7ms)[0m  [1m[34mSELECT "items".* FROM "items"[0m
  ↳ app/views/items/index.html.erb:10
  Rendered items/index.html.erb within layouts/application (Duration: 2.2ms | Allocations: 658)
[Webpacker] Everything's up-to-date. Nothing to do
Completed 200 OK in 14ms (Views: 11.9ms | ActiveRecord: 0.7ms | Allocations: 10155)


Started GET "/items/new" for ::1 at 2021-08-16 13:57:32 +0200
Processing by ItemsController#new as HTML
  Rendering items/new.html.erb within layouts/application
  Rendered items/new.html.erb within layouts/application (Duration: 9.3ms | Allocations: 8969)
[Webpacker] Everything's up-to-date. Nothing to do
Completed 200 OK in 18ms (Views: 17.5ms | ActiveRecord: 0.0ms | Allocations: 18523)


Started GET "/items/new" for ::1 at 2021-08-16 14:00:44 +0200
Processing by ItemsController#new as HTML
  Rendering items/new.html.erb within layouts/application
  Rendered items/new.html.erb within layouts/application (Duration: 9.1ms | Allocations: 8964)
[Webpacker] Everything's up-to-date. Nothing to do
Completed 200 OK in 20ms (Views: 18.4ms | ActiveRecord: 0.0ms | Allocations: 18361)


Started GET "/items" for ::1 at 2021-08-16 14:00:46 +0200
Processing by ItemsController#index as HTML
  Rendering items/index.html.erb within layouts/application
  [1m[36mItem Load (0.3ms)[0m  [1m[34mSELECT "items".* FROM "items"[0m
  ↳ app/views/items/index.html.erb:10
  Rendered items/index.html.erb within layouts/application (Duration: 1.4ms | Allocations: 658)
[Webpacker] Everything's up-to-date. Nothing to do
Completed 200 OK in 14ms (Views: 13.2ms | ActiveRecord: 0.3ms | Allocations: 10151)


Started GET "/items" for ::1 at 2021-08-16 14:00:46 +0200
Processing by ItemsController#index as HTML
  Rendering items/index.html.erb within layouts/application
  [1m[36mItem Load (0.2ms)[0m  [1m[34mSELECT "items".* FROM "items"[0m
  ↳ app/views/items/index.html.erb:10
  Rendered items/index.html.erb within layouts/application (Duration: 1.3ms | Allocations: 658)
[Webpacker] Everything's up-to-date. Nothing to do
Completed 200 OK in 9ms (Views: 8.1ms | ActiveRecord: 0.2ms | Allocations: 10329)


Started GET "/items/new" for ::1 at 2021-08-16 14:01:47 +0200
Processing by ItemsController#new as HTML
  Rendering items/new.html.erb within layouts/application
  Rendered items/new.html.erb within layouts/application (Duration: 8.5ms | Allocations: 8983)
[Webpacker] Everything's up-to-date. Nothing to do
Completed 200 OK in 17ms (Views: 15.8ms | ActiveRecord: 0.0ms | Allocations: 18384)


Started GET "/items" for ::1 at 2021-08-16 14:01:54 +0200
Processing by ItemsController#index as HTML
  Rendering items/index.html.erb within layouts/application
  [1m[36mItem Load (0.5ms)[0m  [1m[34mSELECT "items".* FROM "items"[0m
  ↳ app/views/items/index.html.erb:10
  Rendered items/index.html.erb within layouts/application (Duration: 1.6ms | Allocations: 658)
[Webpacker] Everything's up-to-date. Nothing to do
Completed 200 OK in 13ms (Views: 11.4ms | ActiveRecord: 0.5ms | Allocations: 10334)


Started GET "/items" for ::1 at 2021-08-16 14:01:54 +0200
Processing by ItemsController#index as HTML
  Rendering items/index.html.erb within layouts/application
  [1m[36mItem Load (0.3ms)[0m  [1m[34mSELECT "items".* FROM "items"[0m
  ↳ app/views/items/index.html.erb:10
  Rendered items/index.html.erb within layouts/application (Duration: 1.3ms | Allocations: 658)
[Webpacker] Everything's up-to-date. Nothing to do
Completed 200 OK in 9ms (Views: 8.1ms | ActiveRecord: 0.3ms | Allocations: 10154)


Started GET "/items/new" for ::1 at 2021-08-16 14:01:58 +0200
Processing by ItemsController#new as HTML
  Rendering items/new.html.erb within layouts/application
  Rendered items/new.html.erb within layouts/application (Duration: 9.3ms | Allocations: 8967)
[Webpacker] Everything's up-to-date. Nothing to do
Completed 200 OK in 18ms (Views: 16.9ms | ActiveRecord: 0.0ms | Allocations: 18379)


Started POST "/items" for ::1 at 2021-08-16 14:02:01 +0200
Processing by ItemsController#create as HTML
  Parameters: {"authenticity_token"=>"r3GJq+kW+VciGlsA8+i6n1ax4FElIb2OIfuxyANjKK1i5TQ/tpIuoABAfCeUKtB6Guq4h6gMOvmygrKixWHP2w==", "item"=>{"name"=>"", "item_price"=>"", "item_description"=>""}, "commit"=>"Create Item"}
Completed 500 Internal Server Error in 79ms (ActiveRecord: 0.0ms | Allocations: 91098)


  
NameError (undefined local variable or method `current_user' for #<ItemsController:0x00007fedb8bb2aa8>):
  
app/controllers/items_controller.rb:25:in `create'
Started GET "/items" for ::1 at 2021-08-16 14:02:12 +0200
Processing by ItemsController#index as HTML
  Rendering items/index.html.erb within layouts/application
  [1m[36mItem Load (0.4ms)[0m  [1m[34mSELECT "items".* FROM "items"[0m
  ↳ app/views/items/index.html.erb:10
  Rendered items/index.html.erb within layouts/application (Duration: 1.8ms | Allocations: 657)
[Webpacker] Everything's up-to-date. Nothing to do
Completed 200 OK in 11ms (Views: 10.0ms | ActiveRecord: 0.4ms | Allocations: 10322)


Started GET "/items" for ::1 at 2021-08-16 14:02:12 +0200
Processing by ItemsController#index as HTML
  Rendering items/index.html.erb within layouts/application
  [1m[36mItem Load (0.3ms)[0m  [1m[34mSELECT "items".* FROM "items"[0m
  ↳ app/views/items/index.html.erb:10
  Rendered items/index.html.erb within layouts/application (Duration: 1.3ms | Allocations: 658)
[Webpacker] Everything's up-to-date. Nothing to do
Completed 200 OK in 11ms (Views: 10.6ms | ActiveRecord: 0.3ms | Allocations: 10315)


Started GET "/items/new" for ::1 at 2021-08-16 14:02:31 +0200
Processing by ItemsController#new as HTML
  Rendering items/new.html.erb within layouts/application
  Rendered items/new.html.erb within layouts/application (Duration: 10.4ms | Allocations: 9010)
[Webpacker] Everything's up-to-date. Nothing to do
Completed 200 OK in 19ms (Views: 18.3ms | ActiveRecord: 0.0ms | Allocations: 18414)


Started GET "/items" for ::1 at 2021-08-16 14:02:37 +0200
Processing by ItemsController#index as HTML
  Rendering items/index.html.erb within layouts/application
  [1m[36mItem Load (0.4ms)[0m  [1m[34mSELECT "items".* FROM "items"[0m
  ↳ app/views/items/index.html.erb:10
  Rendered items/index.html.erb within layouts/application (Duration: 2.4ms | Allocations: 658)
[Webpacker] Everything's up-to-date. Nothing to do
Completed 200 OK in 12ms (Views: 11.3ms | ActiveRecord: 0.4ms | Allocations: 10144)


Started GET "/items" for ::1 at 2021-08-16 14:02:37 +0200
Processing by ItemsController#index as HTML
  Rendering items/index.html.erb within layouts/application
  [1m[36mItem Load (0.2ms)[0m  [1m[34mSELECT "items".* FROM "items"[0m
  ↳ app/views/items/index.html.erb:10
  Rendered items/index.html.erb within layouts/application (Duration: 1.2ms | Allocations: 658)
[Webpacker] Everything's up-to-date. Nothing to do
Completed 200 OK in 9ms (Views: 8.7ms | ActiveRecord: 0.2ms | Allocations: 10144)


Started GET "/items" for ::1 at 2021-08-16 14:18:26 +0200
Processing by ItemsController#index as HTML
  Rendering items/index.html.erb within layouts/application
  [1m[36mItem Load (0.4ms)[0m  [1m[34mSELECT "items".* FROM "items"[0m
  ↳ app/views/items/index.html.erb:10
  Rendered items/index.html.erb within layouts/application (Duration: 1.8ms | Allocations: 1003)
[Webpacker] Everything's up-to-date. Nothing to do
  Rendered shared/_cart.html.erb (Duration: 0.2ms | Allocations: 97)
Completed 200 OK in 12ms (Views: 10.5ms | ActiveRecord: 0.4ms | Allocations: 11716)


Started GET "/items" for ::1 at 2021-08-16 14:18:26 +0200
Processing by ItemsController#index as HTML
  Rendering items/index.html.erb within layouts/application
  [1m[36mItem Load (0.3ms)[0m  [1m[34mSELECT "items".* FROM "items"[0m
  ↳ app/views/items/index.html.erb:10
  Rendered items/index.html.erb within layouts/application (Duration: 1.4ms | Allocations: 663)
[Webpacker] Everything's up-to-date. Nothing to do
  Rendered shared/_cart.html.erb (Duration: 0.0ms | Allocations: 6)
Completed 200 OK in 11ms (Views: 10.5ms | ActiveRecord: 0.3ms | Allocations: 10229)


Started GET "/items" for ::1 at 2021-08-16 14:18:50 +0200
Processing by ItemsController#index as HTML
  Rendering items/index.html.erb within layouts/application
  [1m[36mItem Load (0.4ms)[0m  [1m[34mSELECT "items".* FROM "items"[0m
  ↳ app/views/items/index.html.erb:10
  Rendered items/index.html.erb within layouts/application (Duration: 1.9ms | Allocations: 901)
[Webpacker] Everything's up-to-date. Nothing to do
  Rendered shared/_cart.html.erb (Duration: 0.2ms | Allocations: 91)
Completed 200 OK in 12ms (Views: 10.5ms | ActiveRecord: 0.4ms | Allocations: 11601)


Started GET "/items" for ::1 at 2021-08-16 14:18:50 +0200
Processing by ItemsController#index as HTML
  Rendering items/index.html.erb within layouts/application
  [1m[36mItem Load (0.3ms)[0m  [1m[34mSELECT "items".* FROM "items"[0m
  ↳ app/views/items/index.html.erb:10
  Rendered items/index.html.erb within layouts/application (Duration: 2.1ms | Allocations: 663)
[Webpacker] Everything's up-to-date. Nothing to do
  Rendered shared/_cart.html.erb (Duration: 0.0ms | Allocations: 6)
Completed 200 OK in 14ms (Views: 12.9ms | ActiveRecord: 0.3ms | Allocations: 10407)


Started GET "/items" for ::1 at 2021-08-16 14:20:02 +0200
Processing by ItemsController#index as HTML
  Rendering items/index.html.erb within layouts/application
  [1m[36mItem Load (0.3ms)[0m  [1m[34mSELECT "items".* FROM "items"[0m
  ↳ app/views/items/index.html.erb:10
  Rendered items/index.html.erb within layouts/application (Duration: 1.4ms | Allocations: 658)
[Webpacker] Everything's up-to-date. Nothing to do
  Rendered shared/_cart.html.erb (Duration: 0.0ms | Allocations: 6)
Completed 200 OK in 10ms (Views: 8.9ms | ActiveRecord: 0.3ms | Allocations: 10404)


Started GET "/items" for ::1 at 2021-08-16 14:20:02 +0200
Processing by ItemsController#index as HTML
  Rendering items/index.html.erb within layouts/application
  [1m[36mItem Load (0.3ms)[0m  [1m[34mSELECT "items".* FROM "items"[0m
  ↳ app/views/items/index.html.erb:10
  Rendered items/index.html.erb within layouts/application (Duration: 1.7ms | Allocations: 671)
[Webpacker] Everything's up-to-date. Nothing to do
  Rendered shared/_cart.html.erb (Duration: 0.0ms | Allocations: 6)
Completed 200 OK in 15ms (Views: 14.6ms | ActiveRecord: 0.3ms | Allocations: 10271)


Started GET "/items" for ::1 at 2021-08-16 14:21:36 +0200
Processing by ItemsController#index as HTML
  Rendering items/index.html.erb within layouts/application
  [1m[36mItem Load (0.3ms)[0m  [1m[34mSELECT "items".* FROM "items"[0m
  ↳ app/views/items/index.html.erb:10
  Rendered items/index.html.erb within layouts/application (Duration: 1.6ms | Allocations: 904)
[Webpacker] Everything's up-to-date. Nothing to do
  Rendered shared/_cart.html.erb (Duration: 0.1ms | Allocations: 90)
Completed 200 OK in 11ms (Views: 9.7ms | ActiveRecord: 0.3ms | Allocations: 11610)


Started GET "/items" for ::1 at 2021-08-16 14:24:20 +0200
Processing by ItemsController#index as HTML
  Rendering items/index.html.erb within layouts/application
  [1m[36mItem Load (0.4ms)[0m  [1m[34mSELECT "items".* FROM "items"[0m
  ↳ app/views/items/index.html.erb:10
  Rendered items/index.html.erb within layouts/application (Duration: 2.1ms | Allocations: 901)
[Webpacker] Everything's up-to-date. Nothing to do
  Rendered shared/_cart.html.erb (Duration: 0.4ms | Allocations: 91)
Completed 200 OK in 12ms (Views: 11.1ms | ActiveRecord: 0.4ms | Allocations: 11598)


Started GET "/items" for ::1 at 2021-08-16 14:24:20 +0200
Processing by ItemsController#index as HTML
  Rendering items/index.html.erb within layouts/application
  [1m[36mItem Load (0.3ms)[0m  [1m[34mSELECT "items".* FROM "items"[0m
  ↳ app/views/items/index.html.erb:10
  Rendered items/index.html.erb within layouts/application (Duration: 1.3ms | Allocations: 663)
[Webpacker] Everything's up-to-date. Nothing to do
  Rendered shared/_cart.html.erb (Duration: 0.0ms | Allocations: 6)
Completed 200 OK in 10ms (Views: 8.9ms | ActiveRecord: 0.3ms | Allocations: 10237)


Started GET "/items" for ::1 at 2021-08-16 14:24:45 +0200
Processing by ItemsController#index as HTML
  Rendering items/index.html.erb within layouts/application
  [1m[36mItem Load (0.3ms)[0m  [1m[34mSELECT "items".* FROM "items"[0m
  ↳ app/views/items/index.html.erb:10
  Rendered items/index.html.erb within layouts/application (Duration: 1.8ms | Allocations: 902)
[Webpacker] Everything's up-to-date. Nothing to do
  Rendered shared/_cart.html.erb (Duration: 0.2ms | Allocations: 90)
Completed 200 OK in 11ms (Views: 9.5ms | ActiveRecord: 0.3ms | Allocations: 11610)


Started GET "/items" for ::1 at 2021-08-16 14:27:24 +0200
Processing by ItemsController#index as HTML
  Rendering items/index.html.erb within layouts/application
  [1m[36mItem Load (0.5ms)[0m  [1m[34mSELECT "items".* FROM "items"[0m
  ↳ app/views/items/index.html.erb:10
  Rendered items/index.html.erb within layouts/application (Duration: 2.2ms | Allocations: 901)
[Webpacker] Everything's up-to-date. Nothing to do
  Rendered shared/_cart.html.erb (Duration: 0.2ms | Allocations: 90)
Completed 200 OK in 17ms (Views: 15.6ms | ActiveRecord: 0.5ms | Allocations: 11578)


Started GET "/items" for ::1 at 2021-08-16 14:31:09 +0200
Processing by ItemsController#index as HTML
  Rendering items/index.html.erb within layouts/application
  [1m[36mItem Load (0.3ms)[0m  [1m[34mSELECT "items".* FROM "items"[0m
  ↳ app/views/items/index.html.erb:10
  Rendered items/index.html.erb within layouts/application (Duration: 1.4ms | Allocations: 901)
[Webpacker] Everything's up-to-date. Nothing to do
  Rendered shared/_cart.html.erb (Duration: 0.2ms | Allocations: 95)
Completed 200 OK in 15ms (Views: 13.5ms | ActiveRecord: 0.3ms | Allocations: 11721)


Started GET "/items" for ::1 at 2021-08-16 14:46:34 +0200
  [1m[35m (0.5ms)[0m  [1m[34mSELECT "schema_migrations"."version" FROM "schema_migrations" ORDER BY "schema_migrations"."version" ASC[0m
Processing by ItemsController#index as HTML
  Rendering items/index.html.erb within layouts/application
  [1m[36mItem Load (0.4ms)[0m  [1m[34mSELECT "items".* FROM "items"[0m
  ↳ app/views/items/index.html.erb:10
  Rendered items/index.html.erb within layouts/application (Duration: 3.3ms | Allocations: 1518)
[Webpacker] Everything's up-to-date. Nothing to do
  Rendered shared/_cart.html.erb (Duration: 0.2ms | Allocations: 93)
Completed 200 OK in 70ms (Views: 62.2ms | ActiveRecord: 1.6ms | Allocations: 50674)


Started GET "/items" for ::1 at 2021-08-16 14:47:17 +0200
Processing by ItemsController#index as HTML
  Rendering items/index.html.erb within layouts/application
  [1m[36mItem Load (0.2ms)[0m  [1m[34mSELECT "items".* FROM "items"[0m
  ↳ app/views/items/index.html.erb:10
  Rendered items/index.html.erb within layouts/application (Duration: 1.0ms | Allocations: 673)
[Webpacker] Everything's up-to-date. Nothing to do
  Rendered shared/_cart.html.erb (Duration: 0.1ms | Allocations: 6)
Completed 200 OK in 9ms (Views: 8.5ms | ActiveRecord: 0.2ms | Allocations: 10244)


Started GET "/items" for ::1 at 2021-08-16 14:47:18 +0200
Processing by ItemsController#index as HTML
  Rendering items/index.html.erb within layouts/application
  [1m[36mItem Load (0.2ms)[0m  [1m[34mSELECT "items".* FROM "items"[0m
  ↳ app/views/items/index.html.erb:10
  Rendered items/index.html.erb within layouts/application (Duration: 1.1ms | Allocations: 658)
[Webpacker] Everything's up-to-date. Nothing to do
  Rendered shared/_cart.html.erb (Duration: 0.0ms | Allocations: 6)
Completed 200 OK in 8ms (Views: 7.5ms | ActiveRecord: 0.2ms | Allocations: 10215)


Started GET "/items" for ::1 at 2021-08-16 14:47:19 +0200
Processing by ItemsController#index as HTML
  Rendering items/index.html.erb within layouts/application
  [1m[36mItem Load (0.3ms)[0m  [1m[34mSELECT "items".* FROM "items"[0m
  ↳ app/views/items/index.html.erb:10
  Rendered items/index.html.erb within layouts/application (Duration: 1.3ms | Allocations: 658)
[Webpacker] Everything's up-to-date. Nothing to do
  Rendered shared/_cart.html.erb (Duration: 0.0ms | Allocations: 6)
Completed 200 OK in 9ms (Views: 8.6ms | ActiveRecord: 0.3ms | Allocations: 10201)


Started GET "/items" for ::1 at 2021-08-16 14:47:19 +0200
Processing by ItemsController#index as HTML
  Rendering items/index.html.erb within layouts/application
  [1m[36mItem Load (0.3ms)[0m  [1m[34mSELECT "items".* FROM "items"[0m
  ↳ app/views/items/index.html.erb:10
  Rendered items/index.html.erb within layouts/application (Duration: 1.3ms | Allocations: 658)
[Webpacker] Everything's up-to-date. Nothing to do
  Rendered shared/_cart.html.erb (Duration: 0.0ms | Allocations: 6)
Completed 200 OK in 9ms (Views: 7.9ms | ActiveRecord: 0.3ms | Allocations: 10201)


Started GET "/items" for ::1 at 2021-08-16 14:47:19 +0200
Processing by ItemsController#index as HTML
  Rendering items/index.html.erb within layouts/application
  [1m[36mItem Load (0.4ms)[0m  [1m[34mSELECT "items".* FROM "items"[0m
  ↳ app/views/items/index.html.erb:10
  Rendered items/index.html.erb within layouts/application (Duration: 1.6ms | Allocations: 668)
[Webpacker] Everything's up-to-date. Nothing to do
  Rendered shared/_cart.html.erb (Duration: 0.0ms | Allocations: 6)
Completed 200 OK in 14ms (Views: 12.5ms | ActiveRecord: 0.4ms | Allocations: 10397)


Started GET "/items" for ::1 at 2021-08-16 14:47:20 +0200
Processing by ItemsController#index as HTML
  Rendering items/index.html.erb within layouts/application
  [1m[36mItem Load (0.3ms)[0m  [1m[34mSELECT "items".* FROM "items"[0m
  ↳ app/views/items/index.html.erb:10
  Rendered items/index.html.erb within layouts/application (Duration: 1.0ms | Allocations: 660)
[Webpacker] Everything's up-to-date. Nothing to do
  Rendered shared/_cart.html.erb (Duration: 0.0ms | Allocations: 6)
Completed 200 OK in 9ms (Views: 8.0ms | ActiveRecord: 0.3ms | Allocations: 10218)


Started GET "/items" for ::1 at 2021-08-16 14:47:20 +0200
Processing by ItemsController#index as HTML
  Rendering items/index.html.erb within layouts/application
  [1m[36mItem Load (0.4ms)[0m  [1m[34mSELECT "items".* FROM "items"[0m
  ↳ app/views/items/index.html.erb:10
  Rendered items/index.html.erb within layouts/application (Duration: 1.5ms | Allocations: 658)
[Webpacker] Everything's up-to-date. Nothing to do
  Rendered shared/_cart.html.erb (Duration: 0.0ms | Allocations: 6)
Completed 200 OK in 9ms (Views: 7.7ms | ActiveRecord: 0.4ms | Allocations: 10211)


Started GET "/items" for ::1 at 2021-08-16 15:30:50 +0200
Processing by ItemsController#index as HTML
  Rendering items/index.html.erb within layouts/application
  [1m[36mItem Load (1.0ms)[0m  [1m[34mSELECT "items".* FROM "items"[0m
  ↳ app/views/items/index.html.erb:10
  Rendered items/index.html.erb within layouts/application (Duration: 13.0ms | Allocations: 999)
[Webpacker] Everything's up-to-date. Nothing to do
  Rendered shared/_navbar.html.erb (Duration: 280.4ms | Allocations: 71890)
Completed 500 Internal Server Error in 351ms (ActiveRecord: 1.0ms | Allocations: 83496)


  
ActionView::Template::Error (undefined method `user_signed_in?' for #<#<Class:0x00007fc584daf628>:0x00007fc584dadbe8>):
    1: <div class="navbar fixed-top navbar-expand-sm navbar-light navbar-lewagon px-3 ">
    2:   <div class="linktwo collapse navbar-collapse">
    3:   <% if user_signed_in? %>
    4:     <ul class="navbar-nav">
    5:         <li class="nav-item dropdown">
    6:             <div class="dropdown-toggle btn btn-noborder" style="color:white;" id="navbarDropdown" data-toggle="dropdown" aria-haspopup="true" aria-expanded="false">
  
app/views/shared/_navbar.html.erb:3
app/views/layouts/application.html.erb:18
Started GET "/items" for ::1 at 2021-08-16 15:31:23 +0200
Processing by ItemsController#index as HTML
  Rendering items/index.html.erb within layouts/application
  [1m[36mItem Load (0.2ms)[0m  [1m[34mSELECT "items".* FROM "items"[0m
  ↳ app/views/items/index.html.erb:10
  Rendered items/index.html.erb within layouts/application (Duration: 3.0ms | Allocations: 911)
[Webpacker] Everything's up-to-date. Nothing to do
  Rendered shared/_navbar.html.erb (Duration: 167.9ms | Allocations: 136192)
Completed 500 Internal Server Error in 180ms (ActiveRecord: 0.2ms | Allocations: 147892)


  
ActionView::Template::Error (undefined local variable or method `my_items_items_path' for #<#<Class:0x0000556456a119f8>:0x000055645691a7e8>):
     7:               <i class="far fa-bars"></i>
     8:             </div>
     9:             <div class="dropdown-menu dropdown-menu-right" aria-labelledby="navbarDropdown">
    10:               <%= link_to "Home", my_items_items_path, class: "dropdown-item" %>
    11:               <%= link_to "My orders", my_orders_orders_path, class: "dropdown-item" %>
    12:               <%= link_to "Account", my_orders_orders_path, class: "dropdown-item" %>
    13:               <%= link_to "Log out", destroy_user_session_path, method: :delete, class: "dropdown-item" %>
  
app/views/shared/_navbar.html.erb:10
app/views/layouts/application.html.erb:18
Started GET "/items" for ::1 at 2021-08-16 15:32:36 +0200
Processing by ItemsController#index as HTML
  Rendering items/index.html.erb within layouts/application
  [1m[36mItem Load (0.3ms)[0m  [1m[34mSELECT "items".* FROM "items"[0m
  ↳ app/views/items/index.html.erb:10
  Rendered items/index.html.erb within layouts/application (Duration: 1.6ms | Allocations: 902)
[Webpacker] Everything's up-to-date. Nothing to do
  Rendered shared/_navbar.html.erb (Duration: 0.4ms | Allocations: 404)
  Rendered shared/_cart.html.erb (Duration: 0.2ms | Allocations: 92)
Completed 200 OK in 12ms (Views: 11.0ms | ActiveRecord: 0.3ms | Allocations: 12227)


Started GET "/items" for ::1 at 2021-08-16 15:33:29 +0200
Processing by ItemsController#index as HTML
  Rendering items/index.html.erb within layouts/application
  [1m[36mItem Load (0.7ms)[0m  [1m[34mSELECT "items".* FROM "items"[0m
  ↳ app/views/items/index.html.erb:10
  Rendered items/index.html.erb within layouts/application (Duration: 2.4ms | Allocations: 663)
[Webpacker] Everything's up-to-date. Nothing to do
  Rendered shared/_navbar.html.erb (Duration: 0.2ms | Allocations: 136)
  Rendered shared/_cart.html.erb (Duration: 0.0ms | Allocations: 5)
Completed 200 OK in 21ms (Views: 18.3ms | ActiveRecord: 0.7ms | Allocations: 10417)


Started GET "/items" for ::1 at 2021-08-16 15:36:23 +0200
Processing by ItemsController#index as HTML
  Rendering items/index.html.erb within layouts/application
  [1m[36mItem Load (0.4ms)[0m  [1m[34mSELECT "items".* FROM "items"[0m
  ↳ app/views/items/index.html.erb:10
  Rendered items/index.html.erb within layouts/application (Duration: 1.8ms | Allocations: 658)
[Webpacker] Everything's up-to-date. Nothing to do
  Rendered shared/_navbar.html.erb (Duration: 0.1ms | Allocations: 136)
  Rendered shared/_cart.html.erb (Duration: 0.0ms | Allocations: 5)
Completed 200 OK in 2780ms (Views: 2778.3ms | ActiveRecord: 0.4ms | Allocations: 84501)


Started GET "/items" for ::1 at 2021-08-16 15:39:10 +0200
Processing by ItemsController#index as HTML
  Rendering items/index.html.erb within layouts/application
  [1m[36mItem Load (0.4ms)[0m  [1m[34mSELECT "items".* FROM "items"[0m
  ↳ app/views/items/index.html.erb:10
  Rendered items/index.html.erb within layouts/application (Duration: 2.4ms | Allocations: 908)
[Webpacker] Everything's up-to-date. Nothing to do
  Rendered shared/_navbar.html.erb (Duration: 0.6ms | Allocations: 347)
  Rendered shared/_cart.html.erb (Duration: 0.3ms | Allocations: 90)
Completed 200 OK in 21ms (Views: 19.4ms | ActiveRecord: 0.4ms | Allocations: 12174)


Started GET "/items" for ::1 at 2021-08-16 15:40:26 +0200
Processing by ItemsController#index as HTML
  Rendering items/index.html.erb within layouts/application
  [1m[36mItem Load (0.4ms)[0m  [1m[34mSELECT "items".* FROM "items"[0m
  ↳ app/views/items/index.html.erb:10
  Rendered items/index.html.erb within layouts/application (Duration: 1.9ms | Allocations: 663)
[Webpacker] Everything's up-to-date. Nothing to do
  Rendered shared/_navbar.html.erb (Duration: 0.1ms | Allocations: 102)
  Rendered shared/_cart.html.erb (Duration: 0.0ms | Allocations: 5)
Completed 200 OK in 1386ms (Views: 1384.0ms | ActiveRecord: 0.4ms | Allocations: 87185)


Started GET "/items" for ::1 at 2021-08-16 15:47:33 +0200
Processing by ItemsController#index as HTML
  Rendering items/index.html.erb within layouts/application
  [1m[36mItem Load (0.4ms)[0m  [1m[34mSELECT "items".* FROM "items"[0m
  ↳ app/views/items/index.html.erb:10
  Rendered items/index.html.erb within layouts/application (Duration: 15.9ms | Allocations: 998)
[Webpacker] Everything's up-to-date. Nothing to do
  Rendered shared/_navbar.html.erb (Duration: 0.3ms | Allocations: 349)
  Rendered shared/_cart.html.erb (Duration: 0.1ms | Allocations: 90)
Completed 200 OK in 28ms (Views: 26.8ms | ActiveRecord: 0.4ms | Allocations: 12281)


Started GET "/items" for ::1 at 2021-08-16 15:47:35 +0200
Processing by ItemsController#index as HTML
  Rendering items/index.html.erb within layouts/application
  [1m[36mItem Load (0.6ms)[0m  [1m[34mSELECT "items".* FROM "items"[0m
  ↳ app/views/items/index.html.erb:10
  Rendered items/index.html.erb within layouts/application (Duration: 2.4ms | Allocations: 663)
[Webpacker] Everything's up-to-date. Nothing to do
  Rendered shared/_navbar.html.erb (Duration: 0.1ms | Allocations: 102)
  Rendered shared/_cart.html.erb (Duration: 0.0ms | Allocations: 5)
Completed 200 OK in 16ms (Views: 14.1ms | ActiveRecord: 0.6ms | Allocations: 10381)


Started GET "/items" for ::1 at 2021-08-16 15:49:44 +0200
Processing by ItemsController#index as HTML
  Rendering items/index.html.erb within layouts/application
  [1m[36mItem Load (0.3ms)[0m  [1m[34mSELECT "items".* FROM "items"[0m
  ↳ app/views/items/index.html.erb:10
  Rendered items/index.html.erb within layouts/application (Duration: 1.5ms | Allocations: 660)
[Webpacker] Everything's up-to-date. Nothing to do
  Rendered shared/_navbar.html.erb (Duration: 0.1ms | Allocations: 102)
  Rendered shared/_cart.html.erb (Duration: 0.0ms | Allocations: 5)
Completed 200 OK in 1290ms (Views: 1289.3ms | ActiveRecord: 0.3ms | Allocations: 90174)


Started GET "/items" for ::1 at 2021-08-16 16:01:20 +0200
Processing by ItemsController#index as HTML
  Rendering items/index.html.erb within layouts/application
  [1m[36mItem Load (0.5ms)[0m  [1m[34mSELECT "items".* FROM "items"[0m
  ↳ app/views/items/index.html.erb:10
  Rendered items/index.html.erb within layouts/application (Duration: 2.6ms | Allocations: 1003)
[Webpacker] Everything's up-to-date. Nothing to do
  Rendered shared/_navbar.html.erb (Duration: 0.3ms | Allocations: 203)
  Rendered shared/_cart.html.erb (Duration: 0.2ms | Allocations: 90)
Completed 200 OK in 1359ms (Views: 1357.9ms | ActiveRecord: 0.5ms | Allocations: 91940)


Started GET "/items" for ::1 at 2021-08-16 16:04:03 +0200
Processing by ItemsController#index as HTML
  Rendering items/index.html.erb within layouts/application
  [1m[36mItem Load (0.6ms)[0m  [1m[34mSELECT "items".* FROM "items"[0m
  ↳ app/views/items/index.html.erb:10
  Rendered items/index.html.erb within layouts/application (Duration: 3.2ms | Allocations: 903)
[Webpacker] Everything's up-to-date. Nothing to do
  Rendered shared/_navbar.html.erb (Duration: 1.0ms | Allocations: 336)
  Rendered shared/_cart.html.erb (Duration: 0.2ms | Allocations: 90)
Completed 200 OK in 22ms (Views: 20.3ms | ActiveRecord: 0.6ms | Allocations: 12162)


Started GET "/items" for ::1 at 2021-08-16 16:04:06 +0200
Processing by ItemsController#index as HTML
  Rendering items/index.html.erb within layouts/application
  [1m[36mItem Load (0.5ms)[0m  [1m[34mSELECT "items".* FROM "items"[0m
  ↳ app/views/items/index.html.erb:10
  Rendered items/index.html.erb within layouts/application (Duration: 2.3ms | Allocations: 663)
[Webpacker] Everything's up-to-date. Nothing to do
  Rendered shared/_navbar.html.erb (Duration: 0.3ms | Allocations: 102)
  Rendered shared/_cart.html.erb (Duration: 0.0ms | Allocations: 5)
Completed 200 OK in 28ms (Views: 27.0ms | ActiveRecord: 0.5ms | Allocations: 10385)


Started DELETE "/items" for ::1 at 2021-08-16 16:09:13 +0200
  
ActionController::RoutingError (No route matches [DELETE] "/items"):
  
actionpack (6.0.4) lib/action_dispatch/middleware/debug_exceptions.rb:36:in `call'
web-console (4.1.0) lib/web_console/middleware.rb:132:in `call_app'
web-console (4.1.0) lib/web_console/middleware.rb:28:in `block in call'
web-console (4.1.0) lib/web_console/middleware.rb:17:in `catch'
web-console (4.1.0) lib/web_console/middleware.rb:17:in `call'
actionpack (6.0.4) lib/action_dispatch/middleware/show_exceptions.rb:33:in `call'
railties (6.0.4) lib/rails/rack/logger.rb:37:in `call_app'
railties (6.0.4) lib/rails/rack/logger.rb:26:in `block in call'
activesupport (6.0.4) lib/active_support/tagged_logging.rb:80:in `block in tagged'
activesupport (6.0.4) lib/active_support/tagged_logging.rb:28:in `tagged'
activesupport (6.0.4) lib/active_support/tagged_logging.rb:80:in `tagged'
railties (6.0.4) lib/rails/rack/logger.rb:26:in `call'
sprockets-rails (3.2.2) lib/sprockets/rails/quiet_assets.rb:13:in `call'
actionpack (6.0.4) lib/action_dispatch/middleware/remote_ip.rb:81:in `call'
actionpack (6.0.4) lib/action_dispatch/middleware/request_id.rb:27:in `call'
rack (2.2.3) lib/rack/method_override.rb:24:in `call'
rack (2.2.3) lib/rack/runtime.rb:22:in `call'
activesupport (6.0.4) lib/active_support/cache/strategy/local_cache_middleware.rb:29:in `call'
actionpack (6.0.4) lib/action_dispatch/middleware/executor.rb:14:in `call'
actionpack (6.0.4) lib/action_dispatch/middleware/static.rb:126:in `call'
rack (2.2.3) lib/rack/sendfile.rb:110:in `call'
actionpack (6.0.4) lib/action_dispatch/middleware/host_authorization.rb:82:in `call'
webpacker (4.3.0) lib/webpacker/dev_server_proxy.rb:23:in `perform_request'
rack-proxy (0.7.0) lib/rack/proxy.rb:63:in `call'
railties (6.0.4) lib/rails/engine.rb:527:in `call'
puma (4.3.8) lib/puma/configuration.rb:228:in `call'
puma (4.3.8) lib/puma/server.rb:718:in `handle_request'
puma (4.3.8) lib/puma/server.rb:472:in `process_client'
puma (4.3.8) lib/puma/server.rb:328:in `block in run'
puma (4.3.8) lib/puma/thread_pool.rb:134:in `block in spawn_thread'
Started GET "/items" for ::1 at 2021-08-16 16:11:26 +0200
Processing by ItemsController#index as HTML
  Rendering items/index.html.erb within layouts/application
  [1m[36mItem Load (0.4ms)[0m  [1m[34mSELECT "items".* FROM "items"[0m
  ↳ app/views/items/index.html.erb:10
  Rendered items/index.html.erb within layouts/application (Duration: 2.5ms | Allocations: 911)
[Webpacker] Everything's up-to-date. Nothing to do
  Rendered shared/_navbar.html.erb (Duration: 0.8ms | Allocations: 335)
  Rendered shared/_cart.html.erb (Duration: 0.3ms | Allocations: 90)
Completed 200 OK in 22ms (Views: 19.7ms | ActiveRecord: 0.4ms | Allocations: 12174)


Started GET "/items" for ::1 at 2021-08-16 16:14:05 +0200
Processing by ItemsController#index as HTML
  Rendering items/index.html.erb within layouts/application
  [1m[36mItem Load (0.5ms)[0m  [1m[34mSELECT "items".* FROM "items"[0m
  ↳ app/views/items/index.html.erb:10
  Rendered items/index.html.erb within layouts/application (Duration: 3.0ms | Allocations: 901)
[Webpacker] Everything's up-to-date. Nothing to do
  Rendered shared/_navbar.html.erb (Duration: 0.9ms | Allocations: 340)
  Rendered shared/_cart.html.erb (Duration: 0.3ms | Allocations: 90)
Completed 200 OK in 25ms (Views: 23.1ms | ActiveRecord: 0.5ms | Allocations: 12149)


Started GET "/items" for ::1 at 2021-08-16 16:14:35 +0200
Processing by ItemsController#index as HTML
  Rendering items/index.html.erb within layouts/application
  [1m[36mItem Load (0.4ms)[0m  [1m[34mSELECT "items".* FROM "items"[0m
  ↳ app/views/items/index.html.erb:10
  Rendered items/index.html.erb within layouts/application (Duration: 2.3ms | Allocations: 901)
[Webpacker] Everything's up-to-date. Nothing to do
  Rendered shared/_navbar.html.erb (Duration: 0.5ms | Allocations: 340)
  Rendered shared/_cart.html.erb (Duration: 0.3ms | Allocations: 90)
Completed 200 OK in 15ms (Views: 13.2ms | ActiveRecord: 0.4ms | Allocations: 12154)


Started GET "/items" for ::1 at 2021-08-16 16:14:56 +0200
Processing by ItemsController#index as HTML
  Rendering items/index.html.erb within layouts/application
  [1m[36mItem Load (0.3ms)[0m  [1m[34mSELECT "items".* FROM "items"[0m
  ↳ app/views/items/index.html.erb:10
  Rendered items/index.html.erb within layouts/application (Duration: 1.9ms | Allocations: 903)
[Webpacker] Everything's up-to-date. Nothing to do
  Rendered shared/_navbar.html.erb (Duration: 0.4ms | Allocations: 338)
  Rendered shared/_cart.html.erb (Duration: 0.1ms | Allocations: 90)
Completed 200 OK in 14ms (Views: 12.1ms | ActiveRecord: 0.3ms | Allocations: 12139)


Started GET "/items" for ::1 at 2021-08-16 16:14:58 +0200
Processing by ItemsController#index as HTML
  Rendering items/index.html.erb within layouts/application
  [1m[36mItem Load (0.4ms)[0m  [1m[34mSELECT "items".* FROM "items"[0m
  ↳ app/views/items/index.html.erb:10
  Rendered items/index.html.erb within layouts/application (Duration: 1.7ms | Allocations: 663)
[Webpacker] Everything's up-to-date. Nothing to do
  Rendered shared/_navbar.html.erb (Duration: 0.1ms | Allocations: 102)
  Rendered shared/_cart.html.erb (Duration: 0.0ms | Allocations: 5)
Completed 200 OK in 26ms (Views: 24.6ms | ActiveRecord: 0.4ms | Allocations: 10377)


Started GET "/items" for ::1 at 2021-08-16 16:16:28 +0200
Processing by ItemsController#index as HTML
  Rendering items/index.html.erb within layouts/application
  [1m[36mItem Load (0.4ms)[0m  [1m[34mSELECT "items".* FROM "items"[0m
  ↳ app/views/items/index.html.erb:10
  Rendered items/index.html.erb within layouts/application (Duration: 1.9ms | Allocations: 660)
[Webpacker] Everything's up-to-date. Nothing to do
  Rendered shared/_navbar.html.erb (Duration: 0.1ms | Allocations: 102)
  Rendered shared/_cart.html.erb (Duration: 0.0ms | Allocations: 5)
Completed 200 OK in 14ms (Views: 13.2ms | ActiveRecord: 0.4ms | Allocations: 10379)


Started GET "/items" for ::1 at 2021-08-16 16:17:51 +0200
Processing by ItemsController#index as HTML
  Rendering items/index.html.erb within layouts/application
  [1m[36mItem Load (0.6ms)[0m  [1m[34mSELECT "items".* FROM "items"[0m
  ↳ app/views/items/index.html.erb:10
  Rendered items/index.html.erb within layouts/application (Duration: 3.1ms | Allocations: 904)
[Webpacker] Everything's up-to-date. Nothing to do
  Rendered shared/_navbar.html.erb (Duration: 0.5ms | Allocations: 338)
  Rendered shared/_cart.html.erb (Duration: 0.2ms | Allocations: 90)
Completed 200 OK in 18ms (Views: 16.2ms | ActiveRecord: 0.6ms | Allocations: 12154)


Started GET "/items" for ::1 at 2021-08-16 16:18:05 +0200
Processing by ItemsController#index as HTML
  Rendering items/index.html.erb within layouts/application
  [1m[36mItem Load (0.4ms)[0m  [1m[34mSELECT "items".* FROM "items"[0m
  ↳ app/views/items/index.html.erb:10
  Rendered items/index.html.erb within layouts/application (Duration: 2.1ms | Allocations: 902)
[Webpacker] Everything's up-to-date. Nothing to do
  Rendered shared/_navbar.html.erb (Duration: 0.4ms | Allocations: 342)
  Rendered shared/_cart.html.erb (Duration: 0.2ms | Allocations: 90)
Completed 200 OK in 14ms (Views: 12.5ms | ActiveRecord: 0.4ms | Allocations: 12149)


Started GET "/items" for ::1 at 2021-08-16 16:18:43 +0200
Processing by ItemsController#index as HTML
  Rendering items/index.html.erb within layouts/application
  [1m[36mItem Load (0.3ms)[0m  [1m[34mSELECT "items".* FROM "items"[0m
  ↳ app/views/items/index.html.erb:10
  Rendered items/index.html.erb within layouts/application (Duration: 1.9ms | Allocations: 901)
[Webpacker] Everything's up-to-date. Nothing to do
  Rendered shared/_navbar.html.erb (Duration: 0.4ms | Allocations: 342)
  Rendered shared/_cart.html.erb (Duration: 0.2ms | Allocations: 90)
Completed 200 OK in 14ms (Views: 12.3ms | ActiveRecord: 0.3ms | Allocations: 12144)


Started GET "/items" for ::1 at 2021-08-16 16:19:17 +0200
Processing by ItemsController#index as HTML
  Rendering items/index.html.erb within layouts/application
  [1m[36mItem Load (0.4ms)[0m  [1m[34mSELECT "items".* FROM "items"[0m
  ↳ app/views/items/index.html.erb:10
  Rendered items/index.html.erb within layouts/application (Duration: 2.2ms | Allocations: 903)
[Webpacker] Everything's up-to-date. Nothing to do
  Rendered shared/_navbar.html.erb (Duration: 0.4ms | Allocations: 339)
  Rendered shared/_cart.html.erb (Duration: 0.2ms | Allocations: 90)
Completed 200 OK in 17ms (Views: 15.1ms | ActiveRecord: 0.4ms | Allocations: 12166)


Started GET "/items" for ::1 at 2021-08-16 16:22:50 +0200
Processing by ItemsController#index as HTML
  Rendering items/index.html.erb within layouts/application
  [1m[36mItem Load (0.3ms)[0m  [1m[34mSELECT "items".* FROM "items"[0m
  ↳ app/views/items/index.html.erb:10
  Rendered items/index.html.erb within layouts/application (Duration: 1.9ms | Allocations: 901)
[Webpacker] Everything's up-to-date. Nothing to do
  Rendered shared/_navbar.html.erb (Duration: 0.3ms | Allocations: 342)
  Rendered shared/_cart.html.erb (Duration: 0.1ms | Allocations: 90)
Completed 200 OK in 14ms (Views: 12.3ms | ActiveRecord: 0.3ms | Allocations: 12164)


Started GET "/items" for ::1 at 2021-08-16 16:23:19 +0200
Processing by ItemsController#index as HTML
  Rendering items/index.html.erb within layouts/application
  [1m[36mItem Load (0.3ms)[0m  [1m[34mSELECT "items".* FROM "items"[0m
  ↳ app/views/items/index.html.erb:10
  Rendered items/index.html.erb within layouts/application (Duration: 1.8ms | Allocations: 901)
[Webpacker] Everything's up-to-date. Nothing to do
  Rendered shared/_navbar.html.erb (Duration: 0.4ms | Allocations: 342)
  Rendered shared/_cart.html.erb (Duration: 0.1ms | Allocations: 90)
Completed 200 OK in 15ms (Views: 13.5ms | ActiveRecord: 0.3ms | Allocations: 12144)


Started GET "/items" for ::1 at 2021-08-16 16:23:26 +0200
Processing by ItemsController#index as HTML
  Rendering items/index.html.erb within layouts/application
  [1m[36mItem Load (0.4ms)[0m  [1m[34mSELECT "items".* FROM "items"[0m
  ↳ app/views/items/index.html.erb:10
  Rendered items/index.html.erb within layouts/application (Duration: 2.3ms | Allocations: 903)
[Webpacker] Everything's up-to-date. Nothing to do
  Rendered shared/_navbar.html.erb (Duration: 0.4ms | Allocations: 345)
  Rendered shared/_cart.html.erb (Duration: 0.1ms | Allocations: 90)
Completed 200 OK in 17ms (Views: 15.1ms | ActiveRecord: 0.4ms | Allocations: 12166)


Started GET "/items" for ::1 at 2021-08-16 16:23:58 +0200
Processing by ItemsController#index as HTML
  Rendering items/index.html.erb within layouts/application
  [1m[36mItem Load (0.3ms)[0m  [1m[34mSELECT "items".* FROM "items"[0m
  ↳ app/views/items/index.html.erb:10
  Rendered items/index.html.erb within layouts/application (Duration: 1.8ms | Allocations: 903)
[Webpacker] Everything's up-to-date. Nothing to do
  Rendered shared/_navbar.html.erb (Duration: 0.4ms | Allocations: 343)
  Rendered shared/_cart.html.erb (Duration: 0.2ms | Allocations: 90)
Completed 200 OK in 14ms (Views: 12.2ms | ActiveRecord: 0.3ms | Allocations: 12155)


Started GET "/items" for ::1 at 2021-08-16 16:33:38 +0200
Processing by ItemsController#index as HTML
  Rendering items/index.html.erb within layouts/application
  [1m[36mItem Load (0.4ms)[0m  [1m[34mSELECT "items".* FROM "items"[0m
  ↳ app/views/items/index.html.erb:10
  Rendered items/index.html.erb within layouts/application (Duration: 1.7ms | Allocations: 997)
[Webpacker] Everything's up-to-date. Nothing to do
  Rendered shared/_navbar.html.erb (Duration: 0.4ms | Allocations: 341)
  Rendered shared/_cart.html.erb (Duration: 0.2ms | Allocations: 90)
Completed 200 OK in 1130ms (Views: 1128.6ms | ActiveRecord: 0.4ms | Allocations: 92039)


Started GET "/items" for ::1 at 2021-08-16 16:34:32 +0200
Processing by ItemsController#index as HTML
  Rendering items/index.html.erb within layouts/application
  [1m[36mItem Load (0.3ms)[0m  [1m[34mSELECT "items".* FROM "items"[0m
  ↳ app/views/items/index.html.erb:10
  Rendered items/index.html.erb within layouts/application (Duration: 1.8ms | Allocations: 908)
[Webpacker] Everything's up-to-date. Nothing to do
  Rendered shared/_navbar.html.erb (Duration: 0.6ms | Allocations: 337)
  Rendered shared/_cart.html.erb (Duration: 0.2ms | Allocations: 90)
Completed 200 OK in 982ms (Views: 980.9ms | ActiveRecord: 0.3ms | Allocations: 91937)


Started GET "/items" for ::1 at 2021-08-16 16:35:35 +0200
Processing by ItemsController#index as HTML
  Rendering items/index.html.erb within layouts/application
  [1m[36mItem Load (0.3ms)[0m  [1m[34mSELECT "items".* FROM "items"[0m
  ↳ app/views/items/index.html.erb:10
  Rendered items/index.html.erb within layouts/application (Duration: 1.1ms | Allocations: 665)
[Webpacker] Everything's up-to-date. Nothing to do
  Rendered shared/_navbar.html.erb (Duration: 0.1ms | Allocations: 102)
  Rendered shared/_cart.html.erb (Duration: 0.0ms | Allocations: 5)
Completed 200 OK in 998ms (Views: 997.5ms | ActiveRecord: 0.3ms | Allocations: 90173)


Started GET "/items" for ::1 at 2021-08-16 16:35:52 +0200
Processing by ItemsController#index as HTML
  Rendering items/index.html.erb within layouts/application
  [1m[36mItem Load (0.3ms)[0m  [1m[34mSELECT "items".* FROM "items"[0m
  ↳ app/views/items/index.html.erb:10
  Rendered items/index.html.erb within layouts/application (Duration: 1.4ms | Allocations: 660)
[Webpacker] Everything's up-to-date. Nothing to do
  Rendered shared/_navbar.html.erb (Duration: 0.1ms | Allocations: 102)
  Rendered shared/_cart.html.erb (Duration: 0.0ms | Allocations: 5)
Completed 200 OK in 945ms (Views: 944.7ms | ActiveRecord: 0.3ms | Allocations: 90184)


Started GET "/items" for ::1 at 2021-08-16 16:48:09 +0200
Processing by ItemsController#index as HTML
  Rendering items/index.html.erb within layouts/application
  [1m[36mItem Load (0.3ms)[0m  [1m[34mSELECT "items".* FROM "items"[0m
  ↳ app/views/items/index.html.erb:10
  Rendered items/index.html.erb within layouts/application (Duration: 1.6ms | Allocations: 1003)
[Webpacker] Everything's up-to-date. Nothing to do
  Rendered shared/_navbar.html.erb (Duration: 0.3ms | Allocations: 338)
  Rendered shared/_cart.html.erb (Duration: 0.2ms | Allocations: 90)
Completed 200 OK in 1002ms (Views: 1001.5ms | ActiveRecord: 0.3ms | Allocations: 92042)


Started GET "/items" for ::1 at 2021-08-16 16:48:10 +0200
Processing by ItemsController#index as HTML
  Rendering items/index.html.erb within layouts/application
  [1m[36mItem Load (0.2ms)[0m  [1m[34mSELECT "items".* FROM "items"[0m
  ↳ app/views/items/index.html.erb:10
  Rendered items/index.html.erb within layouts/application (Duration: 0.9ms | Allocations: 665)
[Webpacker] Everything's up-to-date. Nothing to do
  Rendered shared/_navbar.html.erb (Duration: 0.6ms | Allocations: 102)
  Rendered shared/_cart.html.erb (Duration: 0.1ms | Allocations: 5)
Completed 200 OK in 11ms (Views: 10.0ms | ActiveRecord: 0.2ms | Allocations: 10392)


Started GET "/items" for ::1 at 2021-08-16 17:07:10 +0200
Processing by ItemsController#index as HTML
  Rendering items/index.html.erb within layouts/application
  [1m[36mItem Load (0.3ms)[0m  [1m[34mSELECT "items".* FROM "items"[0m
  ↳ app/views/items/index.html.erb:10
  Rendered items/index.html.erb within layouts/application (Duration: 1.7ms | Allocations: 999)
[Webpacker] Everything's up-to-date. Nothing to do
  Rendered shared/_navbar.html.erb (Duration: 0.4ms | Allocations: 340)
  Rendered shared/_cart.html.erb (Duration: 0.2ms | Allocations: 90)
Completed 200 OK in 1018ms (Views: 1016.9ms | ActiveRecord: 0.3ms | Allocations: 92054)


Started GET "/items" for ::1 at 2021-08-16 17:08:07 +0200
Processing by ItemsController#index as HTML
  Rendering items/index.html.erb within layouts/application
  [1m[36mItem Load (0.3ms)[0m  [1m[34mSELECT "items".* FROM "items"[0m
  ↳ app/views/items/index.html.erb:10
  Rendered items/index.html.erb within layouts/application (Duration: 1.6ms | Allocations: 665)
[Webpacker] Everything's up-to-date. Nothing to do
  Rendered shared/_navbar.html.erb (Duration: 0.1ms | Allocations: 102)
  Rendered shared/_cart.html.erb (Duration: 0.0ms | Allocations: 5)
Completed 200 OK in 1119ms (Views: 1118.6ms | ActiveRecord: 0.3ms | Allocations: 90156)


Started GET "/items" for ::1 at 2021-08-16 17:13:00 +0200
Processing by ItemsController#index as HTML
  Rendering items/index.html.erb within layouts/application
  [1m[36mItem Load (0.3ms)[0m  [1m[34mSELECT "items".* FROM "items"[0m
  ↳ app/views/items/index.html.erb:10
  Rendered items/index.html.erb within layouts/application (Duration: 1.4ms | Allocations: 660)
[Webpacker] Everything's up-to-date. Nothing to do
  Rendered shared/_navbar.html.erb (Duration: 0.1ms | Allocations: 102)
  Rendered shared/_cart.html.erb (Duration: 0.0ms | Allocations: 5)
Completed 200 OK in 1071ms (Views: 1069.6ms | ActiveRecord: 0.3ms | Allocations: 90572)


Started GET "/items" for ::1 at 2021-08-16 17:34:46 +0200
Processing by ItemsController#index as HTML
  Rendering items/index.html.erb within layouts/application
  [1m[36mItem Load (0.3ms)[0m  [1m[34mSELECT "items".* FROM "items"[0m
  ↳ app/views/items/index.html.erb:10
  Rendered items/index.html.erb within layouts/application (Duration: 2.1ms | Allocations: 1003)
[Webpacker] Everything's up-to-date. Nothing to do
  Rendered shared/_navbar.html.erb (Duration: 0.4ms | Allocations: 334)
  Rendered shared/_cart.html.erb (Duration: 0.2ms | Allocations: 90)
Completed 200 OK in 14ms (Views: 13.0ms | ActiveRecord: 0.3ms | Allocations: 12256)


Started GET "/items" for ::1 at 2021-08-16 17:35:02 +0200
Processing by ItemsController#index as HTML
  Rendering items/index.html.erb within layouts/application
  [1m[36mItem Load (0.2ms)[0m  [1m[34mSELECT "items".* FROM "items"[0m
  ↳ app/views/items/index.html.erb:10
  Rendered items/index.html.erb within layouts/application (Duration: 1.1ms | Allocations: 663)
[Webpacker] Everything's up-to-date. Nothing to do
  Rendered shared/_navbar.html.erb (Duration: 0.2ms | Allocations: 102)
  Rendered shared/_cart.html.erb (Duration: 0.0ms | Allocations: 5)
Completed 200 OK in 10ms (Views: 9.7ms | ActiveRecord: 0.2ms | Allocations: 10391)


